{
  "D:/EPSI/B3/Semestre 2/MSPR/ANALYZE-IT/frontend/src/components/Input.jsx": {
    "path": "D:/EPSI/B3/Semestre 2/MSPR/ANALYZE-IT/frontend/src/components/Input.jsx",
    "statementMap": {
      "0": {
        "start": {
          "line": 3,
          "column": 20
        },
        "end": {
          "line": 3,
          "column": 97
        }
      },
      "1": {
        "start": {
          "line": 6,
          "column": 0
        },
        "end": {
          "line": 16,
          "column": 1
        }
      },
      "2": {
        "start": {
          "line": 7,
          "column": 2
        },
        "end": {
          "line": 11,
          "column": 3
        }
      },
      "3": {
        "start": {
          "line": 8,
          "column": 4
        },
        "end": {
          "line": 10,
          "column": 6
        }
      },
      "4": {
        "start": {
          "line": 12,
          "column": 2
        },
        "end": {
          "line": 12,
          "column": 39
        }
      },
      "5": {
        "start": {
          "line": 13,
          "column": 2
        },
        "end": {
          "line": 13,
          "column": 39
        }
      },
      "6": {
        "start": {
          "line": 14,
          "column": 2
        },
        "end": {
          "line": 14,
          "column": 128
        }
      },
      "7": {
        "start": {
          "line": 15,
          "column": 2
        },
        "end": {
          "line": 15,
          "column": 75
        }
      },
      "8": {
        "start": {
          "line": 18,
          "column": 20
        },
        "end": {
          "line": 31,
          "column": 3
        }
      },
      "9": {
        "start": {
          "line": 32,
          "column": 19
        },
        "end": {
          "line": 35,
          "column": 3
        }
      },
      "10": {
        "start": {
          "line": 36,
          "column": 18
        },
        "end": {
          "line": 249,
          "column": 3
        }
      },
      "11": {
        "start": {
          "line": 250,
          "column": 34
        },
        "end": {
          "line": 254,
          "column": 3
        }
      },
      "12": {
        "start": {
          "line": 251,
          "column": 4
        },
        "end": {
          "line": 253,
          "column": 6
        }
      },
      "13": {
        "start": {
          "line": 252,
          "column": 16
        },
        "end": {
          "line": 252,
          "column": 89
        }
      },
      "14": {
        "start": {
          "line": 252,
          "column": 58
        },
        "end": {
          "line": 252,
          "column": 69
        }
      },
      "15": {
        "start": {
          "line": 255,
          "column": 32
        },
        "end": {
          "line": 261,
          "column": 3
        }
      },
      "16": {
        "start": {
          "line": 256,
          "column": 28
        },
        "end": {
          "line": 256,
          "column": 36
        }
      },
      "17": {
        "start": {
          "line": 257,
          "column": 4
        },
        "end": {
          "line": 260,
          "column": 8
        }
      },
      "18": {
        "start": {
          "line": 257,
          "column": 29
        },
        "end": {
          "line": 260,
          "column": 5
        }
      },
      "19": {
        "start": {
          "line": 262,
          "column": 2
        },
        "end": {
          "line": 466,
          "column": 11
        }
      },
      "20": {
        "start": {
          "line": 277,
          "column": 38
        },
        "end": {
          "line": 281,
          "column": 20
        }
      },
      "21": {
        "start": {
          "line": 312,
          "column": 39
        },
        "end": {
          "line": 316,
          "column": 20
        }
      },
      "22": {
        "start": {
          "line": 398,
          "column": 14
        },
        "end": {
          "line": 402,
          "column": 15
        }
      },
      "23": {
        "start": {
          "line": 399,
          "column": 16
        },
        "end": {
          "line": 399,
          "column": 45
        }
      },
      "24": {
        "start": {
          "line": 401,
          "column": 16
        },
        "end": {
          "line": 401,
          "column": 38
        }
      },
      "25": {
        "start": {
          "line": 425,
          "column": 35
        },
        "end": {
          "line": 451,
          "column": 16
        }
      },
      "26": {
        "start": {
          "line": 431,
          "column": 30
        },
        "end": {
          "line": 431,
          "column": 60
        }
      },
      "27": {
        "start": {
          "line": 468,
          "column": 0
        },
        "end": {
          "line": 468,
          "column": 11
        }
      },
      "28": {
        "start": {
          "line": 470,
          "column": 0
        },
        "end": {
          "line": 470,
          "column": 26
        }
      },
      "29": {
        "start": {
          "line": 471,
          "column": 0
        },
        "end": {
          "line": 474,
          "column": 1
        }
      },
      "30": {
        "start": {
          "line": 472,
          "column": 2
        },
        "end": {
          "line": 472,
          "column": 39
        }
      },
      "31": {
        "start": {
          "line": 473,
          "column": 2
        },
        "end": {
          "line": 473,
          "column": 39
        }
      },
      "32": {
        "start": {
          "line": 475,
          "column": 0
        },
        "end": {
          "line": 484,
          "column": 1
        }
      },
      "33": {
        "start": {
          "line": 476,
          "column": 2
        },
        "end": {
          "line": 483,
          "column": 5
        }
      },
      "34": {
        "start": {
          "line": 477,
          "column": 4
        },
        "end": {
          "line": 477,
          "column": 141
        }
      },
      "35": {
        "start": {
          "line": 478,
          "column": 4
        },
        "end": {
          "line": 482,
          "column": 7
        }
      },
      "36": {
        "start": {
          "line": 479,
          "column": 6
        },
        "end": {
          "line": 479,
          "column": 31
        }
      },
      "37": {
        "start": {
          "line": 479,
          "column": 24
        },
        "end": {
          "line": 479,
          "column": 31
        }
      },
      "38": {
        "start": {
          "line": 480,
          "column": 32
        },
        "end": {
          "line": 480,
          "column": 190
        }
      },
      "39": {
        "start": {
          "line": 481,
          "column": 6
        },
        "end": {
          "line": 481,
          "column": 75
        }
      },
      "40": {
        "start": {
          "line": 481,
          "column": 29
        },
        "end": {
          "line": 481,
          "column": 75
        }
      }
    },
    "fnMap": {
      "0": {
        "name": "Input",
        "decl": {
          "start": {
            "line": 17,
            "column": 24
          },
          "end": {
            "line": 17,
            "column": 29
          }
        },
        "loc": {
          "start": {
            "line": 17,
            "column": 96
          },
          "end": {
            "line": 467,
            "column": 1
          }
        },
        "line": 17
      },
      "1": {
        "name": "(anonymous_1)",
        "decl": {
          "start": {
            "line": 250,
            "column": 34
          },
          "end": {
            "line": 250,
            "column": 35
          }
        },
        "loc": {
          "start": {
            "line": 250,
            "column": 45
          },
          "end": {
            "line": 254,
            "column": 3
          }
        },
        "line": 250
      },
      "2": {
        "name": "(anonymous_2)",
        "decl": {
          "start": {
            "line": 252,
            "column": 6
          },
          "end": {
            "line": 252,
            "column": 7
          }
        },
        "loc": {
          "start": {
            "line": 252,
            "column": 16
          },
          "end": {
            "line": 252,
            "column": 89
          }
        },
        "line": 252
      },
      "3": {
        "name": "(anonymous_3)",
        "decl": {
          "start": {
            "line": 252,
            "column": 51
          },
          "end": {
            "line": 252,
            "column": 52
          }
        },
        "loc": {
          "start": {
            "line": 252,
            "column": 58
          },
          "end": {
            "line": 252,
            "column": 69
          }
        },
        "line": 252
      },
      "4": {
        "name": "(anonymous_4)",
        "decl": {
          "start": {
            "line": 255,
            "column": 32
          },
          "end": {
            "line": 255,
            "column": 33
          }
        },
        "loc": {
          "start": {
            "line": 255,
            "column": 39
          },
          "end": {
            "line": 261,
            "column": 3
          }
        },
        "line": 255
      },
      "5": {
        "name": "(anonymous_5)",
        "decl": {
          "start": {
            "line": 257,
            "column": 18
          },
          "end": {
            "line": 257,
            "column": 19
          }
        },
        "loc": {
          "start": {
            "line": 257,
            "column": 29
          },
          "end": {
            "line": 260,
            "column": 5
          }
        },
        "line": 257
      },
      "6": {
        "name": "(anonymous_6)",
        "decl": {
          "start": {
            "line": 277,
            "column": 12
          },
          "end": {
            "line": 277,
            "column": 13
          }
        },
        "loc": {
          "start": {
            "line": 277,
            "column": 38
          },
          "end": {
            "line": 281,
            "column": 20
          }
        },
        "line": 277
      },
      "7": {
        "name": "(anonymous_7)",
        "decl": {
          "start": {
            "line": 312,
            "column": 12
          },
          "end": {
            "line": 312,
            "column": 13
          }
        },
        "loc": {
          "start": {
            "line": 312,
            "column": 39
          },
          "end": {
            "line": 316,
            "column": 20
          }
        },
        "line": 312
      },
      "8": {
        "name": "(anonymous_8)",
        "decl": {
          "start": {
            "line": 397,
            "column": 22
          },
          "end": {
            "line": 397,
            "column": 23
          }
        },
        "loc": {
          "start": {
            "line": 397,
            "column": 29
          },
          "end": {
            "line": 403,
            "column": 13
          }
        },
        "line": 397
      },
      "9": {
        "name": "(anonymous_9)",
        "decl": {
          "start": {
            "line": 425,
            "column": 8
          },
          "end": {
            "line": 425,
            "column": 9
          }
        },
        "loc": {
          "start": {
            "line": 425,
            "column": 35
          },
          "end": {
            "line": 451,
            "column": 16
          }
        },
        "line": 425
      },
      "10": {
        "name": "(anonymous_10)",
        "decl": {
          "start": {
            "line": 431,
            "column": 24
          },
          "end": {
            "line": 431,
            "column": 25
          }
        },
        "loc": {
          "start": {
            "line": 431,
            "column": 30
          },
          "end": {
            "line": 431,
            "column": 60
          }
        },
        "line": 431
      },
      "11": {
        "name": "(anonymous_11)",
        "decl": {
          "start": {
            "line": 476,
            "column": 52
          },
          "end": {
            "line": 476,
            "column": 53
          }
        },
        "loc": {
          "start": {
            "line": 476,
            "column": 72
          },
          "end": {
            "line": 483,
            "column": 3
          }
        },
        "line": 476
      },
      "12": {
        "name": "(anonymous_12)",
        "decl": {
          "start": {
            "line": 478,
            "column": 27
          },
          "end": {
            "line": 478,
            "column": 28
          }
        },
        "loc": {
          "start": {
            "line": 478,
            "column": 44
          },
          "end": {
            "line": 482,
            "column": 5
          }
        },
        "line": 478
      }
    },
    "branchMap": {
      "0": {
        "loc": {
          "start": {
            "line": 3,
            "column": 20
          },
          "end": {
            "line": 3,
            "column": 97
          }
        },
        "type": "binary-expr",
        "locations": [
          {
            "start": {
              "line": 3,
              "column": 20
            },
            "end": {
              "line": 3,
              "column": 60
            }
          },
          {
            "start": {
              "line": 3,
              "column": 64
            },
            "end": {
              "line": 3,
              "column": 97
            }
          }
        ],
        "line": 3
      },
      "1": {
        "loc": {
          "start": {
            "line": 6,
            "column": 0
          },
          "end": {
            "line": 16,
            "column": 1
          }
        },
        "type": "if",
        "locations": [
          {
            "start": {
              "line": 6,
              "column": 0
            },
            "end": {
              "line": 16,
              "column": 1
            }
          },
          {
            "start": {},
            "end": {}
          }
        ],
        "line": 6
      },
      "2": {
        "loc": {
          "start": {
            "line": 6,
            "column": 4
          },
          "end": {
            "line": 6,
            "column": 35
          }
        },
        "type": "binary-expr",
        "locations": [
          {
            "start": {
              "line": 6,
              "column": 4
            },
            "end": {
              "line": 6,
              "column": 19
            }
          },
          {
            "start": {
              "line": 6,
              "column": 23
            },
            "end": {
              "line": 6,
              "column": 35
            }
          }
        ],
        "line": 6
      },
      "3": {
        "loc": {
          "start": {
            "line": 7,
            "column": 2
          },
          "end": {
            "line": 11,
            "column": 3
          }
        },
        "type": "if",
        "locations": [
          {
            "start": {
              "line": 7,
              "column": 2
            },
            "end": {
              "line": 11,
              "column": 3
            }
          },
          {
            "start": {},
            "end": {}
          }
        ],
        "line": 7
      },
      "4": {
        "loc": {
          "start": {
            "line": 252,
            "column": 16
          },
          "end": {
            "line": 252,
            "column": 89
          }
        },
        "type": "cond-expr",
        "locations": [
          {
            "start": {
              "line": 252,
              "column": 39
            },
            "end": {
              "line": 252,
              "column": 70
            }
          },
          {
            "start": {
              "line": 252,
              "column": 73
            },
            "end": {
              "line": 252,
              "column": 89
            }
          }
        ],
        "line": 252
      },
      "5": {
        "loc": {
          "start": {
            "line": 398,
            "column": 14
          },
          "end": {
            "line": 402,
            "column": 15
          }
        },
        "type": "if",
        "locations": [
          {
            "start": {
              "line": 398,
              "column": 14
            },
            "end": {
              "line": 402,
              "column": 15
            }
          },
          {
            "start": {
              "line": 400,
              "column": 21
            },
            "end": {
              "line": 402,
              "column": 15
            }
          }
        ],
        "line": 398
      },
      "6": {
        "loc": {
          "start": {
            "line": 471,
            "column": 0
          },
          "end": {
            "line": 474,
            "column": 1
          }
        },
        "type": "if",
        "locations": [
          {
            "start": {
              "line": 471,
              "column": 0
            },
            "end": {
              "line": 474,
              "column": 1
            }
          },
          {
            "start": {},
            "end": {}
          }
        ],
        "line": 471
      },
      "7": {
        "loc": {
          "start": {
            "line": 471,
            "column": 4
          },
          "end": {
            "line": 471,
            "column": 35
          }
        },
        "type": "binary-expr",
        "locations": [
          {
            "start": {
              "line": 471,
              "column": 4
            },
            "end": {
              "line": 471,
              "column": 19
            }
          },
          {
            "start": {
              "line": 471,
              "column": 23
            },
            "end": {
              "line": 471,
              "column": 35
            }
          }
        ],
        "line": 471
      },
      "8": {
        "loc": {
          "start": {
            "line": 475,
            "column": 0
          },
          "end": {
            "line": 484,
            "column": 1
          }
        },
        "type": "if",
        "locations": [
          {
            "start": {
              "line": 475,
              "column": 0
            },
            "end": {
              "line": 484,
              "column": 1
            }
          },
          {
            "start": {},
            "end": {}
          }
        ],
        "line": 475
      },
      "9": {
        "loc": {
          "start": {
            "line": 475,
            "column": 4
          },
          "end": {
            "line": 475,
            "column": 35
          }
        },
        "type": "binary-expr",
        "locations": [
          {
            "start": {
              "line": 475,
              "column": 4
            },
            "end": {
              "line": 475,
              "column": 19
            }
          },
          {
            "start": {
              "line": 475,
              "column": 23
            },
            "end": {
              "line": 475,
              "column": 35
            }
          }
        ],
        "line": 475
      },
      "10": {
        "loc": {
          "start": {
            "line": 479,
            "column": 6
          },
          "end": {
            "line": 479,
            "column": 31
          }
        },
        "type": "if",
        "locations": [
          {
            "start": {
              "line": 479,
              "column": 6
            },
            "end": {
              "line": 479,
              "column": 31
            }
          },
          {
            "start": {},
            "end": {}
          }
        ],
        "line": 479
      },
      "11": {
        "loc": {
          "start": {
            "line": 481,
            "column": 6
          },
          "end": {
            "line": 481,
            "column": 75
          }
        },
        "type": "if",
        "locations": [
          {
            "start": {
              "line": 481,
              "column": 6
            },
            "end": {
              "line": 481,
              "column": 75
            }
          },
          {
            "start": {},
            "end": {}
          }
        ],
        "line": 481
      }
    },
    "s": {
      "0": 99,
      "1": 99,
      "2": 99,
      "3": 0,
      "4": 99,
      "5": 99,
      "6": 99,
      "7": 99,
      "8": 856,
      "9": 856,
      "10": 856,
      "11": 856,
      "12": 75,
      "13": 150,
      "14": 0,
      "15": 856,
      "16": 27,
      "17": 27,
      "18": 54,
      "19": 856,
      "20": 181472,
      "21": 1712,
      "22": 9,
      "23": 6,
      "24": 3,
      "25": 10272,
      "26": 75,
      "27": 99,
      "28": 99,
      "29": 99,
      "30": 99,
      "31": 99,
      "32": 99,
      "33": 99,
      "34": 99,
      "35": 99,
      "36": 0,
      "37": 0,
      "38": 0,
      "39": 0,
      "40": 0
    },
    "f": {
      "0": 856,
      "1": 75,
      "2": 150,
      "3": 0,
      "4": 27,
      "5": 54,
      "6": 181472,
      "7": 1712,
      "8": 9,
      "9": 10272,
      "10": 75,
      "11": 99,
      "12": 0
    },
    "b": {
      "0": [
        99,
        0
      ],
      "1": [
        99,
        0
      ],
      "2": [
        99,
        99
      ],
      "3": [
        0,
        99
      ],
      "4": [
        0,
        150
      ],
      "5": [
        6,
        3
      ],
      "6": [
        99,
        0
      ],
      "7": [
        99,
        99
      ],
      "8": [
        99,
        0
      ],
      "9": [
        99,
        99
      ],
      "10": [
        0,
        0
      ],
      "11": [
        0,
        0
      ]
    },
    "inputSourceMap": {
      "version": 3,
      "mappings": "AAoPgB;;;;;;;;;;;;;;;;AApPhB,wBAAwBA,MAAM,EAAEC,gBAAgBC,mBAAmBC,YAAYC,cAAc,GAAG;AAC5F,QAAMC,YAAY;AAAA,IACd;AAAA,IAAe;AAAA,IACf;AAAA,IAAa;AAAA,IAA2B;AAAA,IACxC;AAAA,IAAiB;AAAA,IAA2B;AAAA,IAAa;AAAA,IACzD;AAAA,IAAqB;AAAA,IAAkB;AAAA,EAAmB;AAG9D,QAAMC,WAAW;AAAA,IACb;AAAA,IAAS;AAAA,EAAW;AAExB,QAAMC,UAAU;AAAA,IACZ;AAAA,IACA;AAAA,IACA;AAAA,IACA;AAAA,IACA;AAAA,IACA;AAAA,IACA;AAAA,IACA;AAAA,IACA;AAAA,IACA;AAAA,IACA;AAAA,IACA;AAAA,IACA;AAAA,IACA;AAAA,IACA;AAAA,IACA;AAAA,IACA;AAAA,IACA;AAAA,IACA;AAAA,IACA;AAAA,IACA;AAAA,IACA;AAAA,IACA;AAAA,IACA;AAAA,IACA;AAAA,IACA;AAAA,IACA;AAAA,IACA;AAAA,IACA;AAAA,IACA;AAAA,IACA;AAAA,IACA;AAAA,IACA;AAAA,IACA;AAAA,IACA;AAAA,IACA;AAAA,IACA;AAAA,IACA;AAAA,IACA;AAAA,IACA;AAAA,IACA;AAAA,IACA;AAAA,IACA;AAAA,IACA;AAAA,IACA;AAAA,IACA;AAAA,IACA;AAAA,IACA;AAAA,IACA;AAAA,IACA;AAAA,IACA;AAAA,IACA;AAAA,IACA;AAAA,IACA;AAAA,IACA;AAAA,IACA;AAAA,IACA;AAAA,IACA;AAAA,IACA;AAAA,IACA;AAAA,IACA;AAAA,IACA;AAAA,IACA;AAAA,IACA;AAAA,IACA;AAAA,IACA;AAAA,IACA;AAAA,IACA;AAAA,IACA;AAAA,IACA;AAAA,IACA;AAAA,IACA;AAAA,IACA;AAAA,IACA;AAAA,IACA;AAAA,IACA;AAAA,IACA;AAAA,IACA;AAAA,IACA;AAAA,IACA;AAAA,IACA;AAAA,IACA;AAAA,IACA;AAAA,IACA;AAAA,IACA;AAAA,IACA;AAAA,IACA;AAAA,IACA;AAAA,IACA;AAAA,IACA;AAAA,IACA;AAAA,IACA;AAAA,IACA;AAAA,IACA;AAAA,IACA;AAAA,IACA;AAAA,IACA;AAAA,IACA;AAAA,IACA;AAAA,IACA;AAAA,IACA;AAAA,IACA;AAAA,IACA;AAAA,IACA;AAAA,IACA;AAAA,IACA;AAAA,IACA;AAAA,IACA;AAAA,IACA;AAAA,IACA;AAAA,IACA;AAAA,IACA;AAAA,IACA;AAAA,IACA;AAAA,IACA;AAAA,IACA;AAAA,IACA;AAAA,IACA;AAAA,IACA;AAAA,IACA;AAAA,IACA;AAAA,IACA;AAAA,IACA;AAAA,IACA;AAAA,IACA;AAAA,IACA;AAAA,IACA;AAAA,IACA;AAAA,IACA;AAAA,IACA;AAAA,IACA;AAAA,IACA;AAAA,IACA;AAAA,IACA;AAAA,IACA;AAAA,IACA;AAAA,IACA;AAAA,IACA;AAAA,IACA;AAAA,IACA;AAAA,IACA;AAAA,IACA;AAAA,IACA;AAAA,IACA;AAAA,IACA;AAAA,IACA;AAAA,IACA;AAAA,IACA;AAAA,IACA;AAAA,IACA;AAAA,IACA;AAAA,IACA;AAAA,IACA;AAAA,IACA;AAAA,IACA;AAAA,IACA;AAAA,IACA;AAAA,IACA;AAAA,IACA;AAAA,IACA;AAAA,IACA;AAAA,IACA;AAAA,IACA;AAAA,IACA;AAAA,IACA;AAAA,IACA;AAAA,IACA;AAAA,IACA;AAAA,IACA;AAAA,IACA;AAAA,IACA;AAAA,IACA;AAAA,IACA;AAAA,IACA;AAAA,IACA;AAAA,IACA;AAAA,IACA;AAAA,IACA;AAAA,IACA;AAAA,IACA;AAAA,IACA;AAAA,IACA;AAAA,IACA;AAAA,IACA;AAAA,IACA;AAAA,IACA;AAAA,IACA;AAAA,IACA;AAAA,IACA;AAAA,IACA;AAAA,IACA;AAAA,IACA;AAAA,IACA;AAAA,IACA;AAAA,IACA;AAAA,IACA;AAAA,IACA;AAAA,IACA;AAAA,IACA;AAAA,IACA;AAAA,IACA;AAAA,IACA;AAAA,IACA;AAAA,IACA;AAAA,IACA;AAAA,IACA;AAAA,IACA;AAAA,IACA;AAAA,IACA;AAAA,IACA;AAAA,IACA;AAAA,IACA;AAAA,EAAU;AACd,QAAMC,0BAA0BA,CAACC,UAAU;AACvCP;AAAAA,MAAkB,CAACQ,SACfA,KAAKC,SAASF,KAAK,IACbC,KAAKE,OAAO,CAACC,MAAMA,MAAMJ,KAAK,IAC9B,CAAC,GAAGC,MAAMD,KAAK;AAAA,IACzB;AAAA,EACJ;AAEA,QAAMK,wBAAwBA,CAACC,MAAM;AACjC,UAAM,EAAEC,MAAMC,MAAM,IAAIF,EAAEG;AAC1Bd,kBAAc,CAACM,UAAU;AAAA,MACrB,GAAGA;AAAAA,MACH,CAACM,IAAI,GAAGC;AAAAA,IACZ,EAAE;AAAA,EACN;AAEA,SACI,uBAAC,SAAI,WAAU,6CAEX;AAAA,2BAAC,SACG;AAAA,6BAAC,WAAM,WAAU,6BAA4B,oBAA7C;AAAA;AAAA;AAAA;AAAA,aAAiD;AAAA,MACjD;AAAA,QAAC;AAAA;AAAA,UACG,MAAK;AAAA,UACL,WAAU;AAAA,UACV,cAAcd,WAAWgB;AAAAA,UACzB,UAAUL;AAAAA,UAETP,kBAAQa;AAAAA,YAAI,CAACC,SACV,uBAAC,YAAkB,OAAOA,MACrBA,kBADQA,MAAb;AAAA;AAAA;AAAA;AAAA,mBAEA;AAAA,UACH;AAAA;AAAA,QAVL;AAAA;AAAA;AAAA;AAAA;AAAA;AAAA;AAAA;AAAA,MAWA;AAAA,SAbJ;AAAA;AAAA;AAAA;AAAA,WAcA;AAAA,IAEA,uBAAC,SACG;AAAA,6BAAC,WAAM,WAAU,6BAA4B,qBAA7C;AAAA;AAAA;AAAA;AAAA,aAAkD;AAAA,MAClD;AAAA,QAAC;AAAA;AAAA,UACG,MAAK;AAAA,UACL,WAAU;AAAA,UACV,cAAclB,WAAWmB;AAAAA,UACzB,UAAUR;AAAAA,UAETR,mBAASc;AAAAA,YAAI,CAACE,UACX,uBAAC,YAAmB,OAAOA,OACtBA,mBADQA,OAAb;AAAA;AAAA;AAAA;AAAA,mBAEA;AAAA,UACH;AAAA;AAAA,QAVL;AAAA;AAAA;AAAA;AAAA;AAAA;AAAA;AAAA;AAAA,MAWA;AAAA,SAbJ;AAAA;AAAA;AAAA;AAAA,WAcA;AAAA,IAEA,uBAAC,SAAI,WAAU,aACX;AAAA,6BAAC,WAAM,WAAU,6BAA4B,qBAA7C;AAAA;AAAA;AAAA;AAAA,aAAkD;AAAA,MAClD;AAAA,QAAC;AAAA;AAAA,UACG,MAAK;AAAA,UACL,MAAK;AAAA,UACL,cAAcnB,WAAWoB;AAAAA,UACzB,UAAUT;AAAAA,UACV,WAAU;AAAA;AAAA,QALd;AAAA;AAAA;AAAA;AAAA;AAAA;AAAA;AAAA;AAAA,MAK+C;AAAA,MAE/C,uBAAC,WAAM,WAAU,6BAA4B,mBAA7C;AAAA;AAAA;AAAA;AAAA,aAAgD;AAAA,MAChD;AAAA,QAAC;AAAA;AAAA,UACG,MAAK;AAAA,UACL,MAAK;AAAA,UACL,cAAcX,WAAWqB;AAAAA,UACzB,UAAUV;AAAAA,UACV,WAAU;AAAA;AAAA,QALd;AAAA;AAAA;AAAA;AAAA;AAAA;AAAA;AAAA;AAAA,MAK+C;AAAA,SAfnD;AAAA;AAAA;AAAA;AAAA,WAiBA;AAAA,IAEA,uBAAC,SACG;AAAA,6BAAC,QAAG,WAAU,mCAAkC,sBAAhD;AAAA;AAAA;AAAA;AAAA,aAAsD;AAAA,MAGtD,uBAAC,SAAI,WAAU,oCACX;AAAA;AAAA,UAAC;AAAA;AAAA,YACG,MAAK;AAAA,YACL,SAASb,eAAewB,WAAWpB,UAAUoB;AAAAA,YAC7C,UAAU,CAACV,MAAM;AACb,kBAAIA,EAAEG,OAAOQ,SAAS;AAClBxB,kCAAkBG,SAAS;AAAA,cAC/B,OAAO;AACHH,kCAAkB,EAAE;AAAA,cACxB;AAAA,YACJ;AAAA;AAAA,UATJ;AAAA;AAAA;AAAA;AAAA;AAAA;AAAA;AAAA;AAAA,QASM;AAAA,QAEN,uBAAC,UAAK,WAAU,uBAAsB,iCAAtC;AAAA;AAAA;AAAA;AAAA,eAAuD;AAAA,WAZ3D;AAAA;AAAA;AAAA;AAAA,aAaA;AAAA,MAGA,uBAAC,SAAI,WAAU,2CACVG,oBAAUe;AAAAA,QAAI,CAACX,UACZ,uBAAC,SAAgB,WAAU,+BACvB;AAAA;AAAA,YAAC;AAAA;AAAA,cACG,MAAK;AAAA,cACL,SAASR,eAAeU,SAASF,KAAK;AAAA,cACtC,UAAU,MAAMD,wBAAwBC,KAAK;AAAA;AAAA,YAHjD;AAAA;AAAA;AAAA;AAAA;AAAA;AAAA;AAAA;AAAA,UAGmD;AAAA,UAEnD,uBAAC,UAAK,WAAU,WAAWA,mBAA3B;AAAA;AAAA;AAAA;AAAA,iBAAiC;AAAA,aAN3BA,OAAV;AAAA;AAAA;AAAA;AAAA,eAOA;AAAA,MACH,KAVL;AAAA;AAAA;AAAA;AAAA,aAWA;AAAA,SA/BJ;AAAA;AAAA;AAAA;AAAA,WAgCA;AAAA,OArFJ;AAAA;AAAA;AAAA;AAAA,SAsFA;AAER;AAACkB,KAzUuB3B;AAAK,IAAA2B;AAAAC,aAAAD,IAAA",
      "names": [
        "Input",
        "selectedModels",
        "setSelectedModels",
        "parameters",
        "setParameters",
        "allModels",
        "allVirus",
        "allPays",
        "handleSetSelectedModels",
        "model",
        "prev",
        "includes",
        "filter",
        "m",
        "handleParameterChange",
        "e",
        "name",
        "value",
        "target",
        "country",
        "map",
        "pays",
        "virus",
        "date_start",
        "date_end",
        "length",
        "checked",
        "_c",
        "$RefreshReg$"
      ],
      "ignoreList": [],
      "sources": [
        "D:/EPSI/B3/Semestre 2/MSPR/ANALYZE-IT/frontend/src/components/Input.jsx"
      ],
      "file": "D:/EPSI/B3/Semestre 2/MSPR/ANALYZE-IT/frontend/src/components/Input.jsx"
    },
    "_coverageSchema": "1a1c01bbd47fc00a2c39e90264f33305004495a9",
    "hash": "fd02f163230cb8d971660e3b9a91d527a08314a4"
  },
  "D:/EPSI/B3/Semestre 2/MSPR/ANALYZE-IT/frontend/src/components/GraphCard.jsx": {
    "path": "D:/EPSI/B3/Semestre 2/MSPR/ANALYZE-IT/frontend/src/components/GraphCard.jsx",
    "statementMap": {
      "0": {
        "start": {
          "line": 3,
          "column": 20
        },
        "end": {
          "line": 3,
          "column": 97
        }
      },
      "1": {
        "start": {
          "line": 6,
          "column": 0
        },
        "end": {
          "line": 16,
          "column": 1
        }
      },
      "2": {
        "start": {
          "line": 7,
          "column": 2
        },
        "end": {
          "line": 11,
          "column": 3
        }
      },
      "3": {
        "start": {
          "line": 8,
          "column": 4
        },
        "end": {
          "line": 10,
          "column": 6
        }
      },
      "4": {
        "start": {
          "line": 12,
          "column": 2
        },
        "end": {
          "line": 12,
          "column": 39
        }
      },
      "5": {
        "start": {
          "line": 13,
          "column": 2
        },
        "end": {
          "line": 13,
          "column": 39
        }
      },
      "6": {
        "start": {
          "line": 14,
          "column": 2
        },
        "end": {
          "line": 14,
          "column": 132
        }
      },
      "7": {
        "start": {
          "line": 15,
          "column": 2
        },
        "end": {
          "line": 15,
          "column": 75
        }
      },
      "8": {
        "start": {
          "line": 28,
          "column": 0
        },
        "end": {
          "line": 28,
          "column": 97
        }
      },
      "9": {
        "start": {
          "line": 29,
          "column": 36
        },
        "end": {
          "line": 57,
          "column": 1
        }
      },
      "10": {
        "start": {
          "line": 32,
          "column": 4
        },
        "end": {
          "line": 55,
          "column": 5
        }
      },
      "11": {
        "start": {
          "line": 33,
          "column": 18
        },
        "end": {
          "line": 33,
          "column": 27
        }
      },
      "12": {
        "start": {
          "line": 34,
          "column": 26
        },
        "end": {
          "line": 34,
          "column": 58
        }
      },
      "13": {
        "start": {
          "line": 35,
          "column": 16
        },
        "end": {
          "line": 35,
          "column": 29
        }
      },
      "14": {
        "start": {
          "line": 36,
          "column": 16
        },
        "end": {
          "line": 36,
          "column": 29
        }
      },
      "15": {
        "start": {
          "line": 37,
          "column": 6
        },
        "end": {
          "line": 37,
          "column": 17
        }
      },
      "16": {
        "start": {
          "line": 38,
          "column": 6
        },
        "end": {
          "line": 38,
          "column": 22
        }
      },
      "17": {
        "start": {
          "line": 39,
          "column": 6
        },
        "end": {
          "line": 39,
          "column": 30
        }
      },
      "18": {
        "start": {
          "line": 40,
          "column": 6
        },
        "end": {
          "line": 40,
          "column": 41
        }
      },
      "19": {
        "start": {
          "line": 41,
          "column": 6
        },
        "end": {
          "line": 41,
          "column": 44
        }
      },
      "20": {
        "start": {
          "line": 42,
          "column": 6
        },
        "end": {
          "line": 42,
          "column": 24
        }
      },
      "21": {
        "start": {
          "line": 43,
          "column": 6
        },
        "end": {
          "line": 43,
          "column": 31
        }
      },
      "22": {
        "start": {
          "line": 44,
          "column": 6
        },
        "end": {
          "line": 44,
          "column": 19
        }
      },
      "23": {
        "start": {
          "line": 45,
          "column": 6
        },
        "end": {
          "line": 45,
          "column": 20
        }
      },
      "24": {
        "start": {
          "line": 46,
          "column": 6
        },
        "end": {
          "line": 46,
          "column": 17
        }
      },
      "25": {
        "start": {
          "line": 47,
          "column": 6
        },
        "end": {
          "line": 47,
          "column": 22
        }
      },
      "26": {
        "start": {
          "line": 48,
          "column": 6
        },
        "end": {
          "line": 48,
          "column": 39
        }
      },
      "27": {
        "start": {
          "line": 49,
          "column": 6
        },
        "end": {
          "line": 49,
          "column": 32
        }
      },
      "28": {
        "start": {
          "line": 50,
          "column": 6
        },
        "end": {
          "line": 50,
          "column": 31
        }
      },
      "29": {
        "start": {
          "line": 51,
          "column": 6
        },
        "end": {
          "line": 51,
          "column": 24
        }
      },
      "30": {
        "start": {
          "line": 52,
          "column": 6
        },
        "end": {
          "line": 52,
          "column": 17
        }
      },
      "31": {
        "start": {
          "line": 53,
          "column": 6
        },
        "end": {
          "line": 53,
          "column": 19
        }
      },
      "32": {
        "start": {
          "line": 54,
          "column": 6
        },
        "end": {
          "line": 54,
          "column": 20
        }
      },
      "33": {
        "start": {
          "line": 59,
          "column": 15
        },
        "end": {
          "line": 72,
          "column": 3
        }
      },
      "34": {
        "start": {
          "line": 61,
          "column": 37
        },
        "end": {
          "line": 71,
          "column": 5
        }
      },
      "35": {
        "start": {
          "line": 73,
          "column": 18
        },
        "end": {
          "line": 87,
          "column": 3
        }
      },
      "36": {
        "start": {
          "line": 88,
          "column": 2
        },
        "end": {
          "line": 103,
          "column": 11
        }
      },
      "37": {
        "start": {
          "line": 105,
          "column": 0
        },
        "end": {
          "line": 105,
          "column": 15
        }
      },
      "38": {
        "start": {
          "line": 107,
          "column": 0
        },
        "end": {
          "line": 107,
          "column": 30
        }
      },
      "39": {
        "start": {
          "line": 108,
          "column": 0
        },
        "end": {
          "line": 111,
          "column": 1
        }
      },
      "40": {
        "start": {
          "line": 109,
          "column": 2
        },
        "end": {
          "line": 109,
          "column": 39
        }
      },
      "41": {
        "start": {
          "line": 110,
          "column": 2
        },
        "end": {
          "line": 110,
          "column": 39
        }
      },
      "42": {
        "start": {
          "line": 112,
          "column": 0
        },
        "end": {
          "line": 121,
          "column": 1
        }
      },
      "43": {
        "start": {
          "line": 113,
          "column": 2
        },
        "end": {
          "line": 120,
          "column": 5
        }
      },
      "44": {
        "start": {
          "line": 114,
          "column": 4
        },
        "end": {
          "line": 114,
          "column": 145
        }
      },
      "45": {
        "start": {
          "line": 115,
          "column": 4
        },
        "end": {
          "line": 119,
          "column": 7
        }
      },
      "46": {
        "start": {
          "line": 116,
          "column": 6
        },
        "end": {
          "line": 116,
          "column": 31
        }
      },
      "47": {
        "start": {
          "line": 116,
          "column": 24
        },
        "end": {
          "line": 116,
          "column": 31
        }
      },
      "48": {
        "start": {
          "line": 117,
          "column": 32
        },
        "end": {
          "line": 117,
          "column": 194
        }
      },
      "49": {
        "start": {
          "line": 118,
          "column": 6
        },
        "end": {
          "line": 118,
          "column": 75
        }
      },
      "50": {
        "start": {
          "line": 118,
          "column": 29
        },
        "end": {
          "line": 118,
          "column": 75
        }
      }
    },
    "fnMap": {
      "0": {
        "name": "(anonymous_0)",
        "decl": {
          "start": {
            "line": 31,
            "column": 13
          },
          "end": {
            "line": 31,
            "column": 14
          }
        },
        "loc": {
          "start": {
            "line": 31,
            "column": 24
          },
          "end": {
            "line": 56,
            "column": 3
          }
        },
        "line": 31
      },
      "1": {
        "name": "GraphCard",
        "decl": {
          "start": {
            "line": 58,
            "column": 24
          },
          "end": {
            "line": 58,
            "column": 33
          }
        },
        "loc": {
          "start": {
            "line": 58,
            "column": 63
          },
          "end": {
            "line": 104,
            "column": 1
          }
        },
        "line": 58
      },
      "2": {
        "name": "(anonymous_2)",
        "decl": {
          "start": {
            "line": 61,
            "column": 27
          },
          "end": {
            "line": 61,
            "column": 28
          }
        },
        "loc": {
          "start": {
            "line": 61,
            "column": 37
          },
          "end": {
            "line": 71,
            "column": 5
          }
        },
        "line": 61
      },
      "3": {
        "name": "(anonymous_3)",
        "decl": {
          "start": {
            "line": 113,
            "column": 52
          },
          "end": {
            "line": 113,
            "column": 53
          }
        },
        "loc": {
          "start": {
            "line": 113,
            "column": 72
          },
          "end": {
            "line": 120,
            "column": 3
          }
        },
        "line": 113
      },
      "4": {
        "name": "(anonymous_4)",
        "decl": {
          "start": {
            "line": 115,
            "column": 27
          },
          "end": {
            "line": 115,
            "column": 28
          }
        },
        "loc": {
          "start": {
            "line": 115,
            "column": 44
          },
          "end": {
            "line": 119,
            "column": 5
          }
        },
        "line": 115
      }
    },
    "branchMap": {
      "0": {
        "loc": {
          "start": {
            "line": 3,
            "column": 20
          },
          "end": {
            "line": 3,
            "column": 97
          }
        },
        "type": "binary-expr",
        "locations": [
          {
            "start": {
              "line": 3,
              "column": 20
            },
            "end": {
              "line": 3,
              "column": 60
            }
          },
          {
            "start": {
              "line": 3,
              "column": 64
            },
            "end": {
              "line": 3,
              "column": 97
            }
          }
        ],
        "line": 3
      },
      "1": {
        "loc": {
          "start": {
            "line": 6,
            "column": 0
          },
          "end": {
            "line": 16,
            "column": 1
          }
        },
        "type": "if",
        "locations": [
          {
            "start": {
              "line": 6,
              "column": 0
            },
            "end": {
              "line": 16,
              "column": 1
            }
          },
          {
            "start": {},
            "end": {}
          }
        ],
        "line": 6
      },
      "2": {
        "loc": {
          "start": {
            "line": 6,
            "column": 4
          },
          "end": {
            "line": 6,
            "column": 35
          }
        },
        "type": "binary-expr",
        "locations": [
          {
            "start": {
              "line": 6,
              "column": 4
            },
            "end": {
              "line": 6,
              "column": 19
            }
          },
          {
            "start": {
              "line": 6,
              "column": 23
            },
            "end": {
              "line": 6,
              "column": 35
            }
          }
        ],
        "line": 6
      },
      "3": {
        "loc": {
          "start": {
            "line": 7,
            "column": 2
          },
          "end": {
            "line": 11,
            "column": 3
          }
        },
        "type": "if",
        "locations": [
          {
            "start": {
              "line": 7,
              "column": 2
            },
            "end": {
              "line": 11,
              "column": 3
            }
          },
          {
            "start": {},
            "end": {}
          }
        ],
        "line": 7
      },
      "4": {
        "loc": {
          "start": {
            "line": 32,
            "column": 4
          },
          "end": {
            "line": 55,
            "column": 5
          }
        },
        "type": "if",
        "locations": [
          {
            "start": {
              "line": 32,
              "column": 4
            },
            "end": {
              "line": 55,
              "column": 5
            }
          },
          {
            "start": {},
            "end": {}
          }
        ],
        "line": 32
      },
      "5": {
        "loc": {
          "start": {
            "line": 32,
            "column": 8
          },
          "end": {
            "line": 32,
            "column": 62
          }
        },
        "type": "binary-expr",
        "locations": [
          {
            "start": {
              "line": 32,
              "column": 8
            },
            "end": {
              "line": 32,
              "column": 30
            }
          },
          {
            "start": {
              "line": 32,
              "column": 34
            },
            "end": {
              "line": 32,
              "column": 62
            }
          }
        ],
        "line": 32
      },
      "6": {
        "loc": {
          "start": {
            "line": 70,
            "column": 18
          },
          "end": {
            "line": 70,
            "column": 42
          }
        },
        "type": "cond-expr",
        "locations": [
          {
            "start": {
              "line": 70,
              "column": 31
            },
            "end": {
              "line": 70,
              "column": 37
            }
          },
          {
            "start": {
              "line": 70,
              "column": 40
            },
            "end": {
              "line": 70,
              "column": 42
            }
          }
        ],
        "line": 70
      },
      "7": {
        "loc": {
          "start": {
            "line": 108,
            "column": 0
          },
          "end": {
            "line": 111,
            "column": 1
          }
        },
        "type": "if",
        "locations": [
          {
            "start": {
              "line": 108,
              "column": 0
            },
            "end": {
              "line": 111,
              "column": 1
            }
          },
          {
            "start": {},
            "end": {}
          }
        ],
        "line": 108
      },
      "8": {
        "loc": {
          "start": {
            "line": 108,
            "column": 4
          },
          "end": {
            "line": 108,
            "column": 35
          }
        },
        "type": "binary-expr",
        "locations": [
          {
            "start": {
              "line": 108,
              "column": 4
            },
            "end": {
              "line": 108,
              "column": 19
            }
          },
          {
            "start": {
              "line": 108,
              "column": 23
            },
            "end": {
              "line": 108,
              "column": 35
            }
          }
        ],
        "line": 108
      },
      "9": {
        "loc": {
          "start": {
            "line": 112,
            "column": 0
          },
          "end": {
            "line": 121,
            "column": 1
          }
        },
        "type": "if",
        "locations": [
          {
            "start": {
              "line": 112,
              "column": 0
            },
            "end": {
              "line": 121,
              "column": 1
            }
          },
          {
            "start": {},
            "end": {}
          }
        ],
        "line": 112
      },
      "10": {
        "loc": {
          "start": {
            "line": 112,
            "column": 4
          },
          "end": {
            "line": 112,
            "column": 35
          }
        },
        "type": "binary-expr",
        "locations": [
          {
            "start": {
              "line": 112,
              "column": 4
            },
            "end": {
              "line": 112,
              "column": 19
            }
          },
          {
            "start": {
              "line": 112,
              "column": 23
            },
            "end": {
              "line": 112,
              "column": 35
            }
          }
        ],
        "line": 112
      },
      "11": {
        "loc": {
          "start": {
            "line": 116,
            "column": 6
          },
          "end": {
            "line": 116,
            "column": 31
          }
        },
        "type": "if",
        "locations": [
          {
            "start": {
              "line": 116,
              "column": 6
            },
            "end": {
              "line": 116,
              "column": 31
            }
          },
          {
            "start": {},
            "end": {}
          }
        ],
        "line": 116
      },
      "12": {
        "loc": {
          "start": {
            "line": 118,
            "column": 6
          },
          "end": {
            "line": 118,
            "column": 75
          }
        },
        "type": "if",
        "locations": [
          {
            "start": {
              "line": 118,
              "column": 6
            },
            "end": {
              "line": 118,
              "column": 75
            }
          },
          {
            "start": {},
            "end": {}
          }
        ],
        "line": 118
      }
    },
    "s": {
      "0": 99,
      "1": 99,
      "2": 99,
      "3": 0,
      "4": 99,
      "5": 99,
      "6": 99,
      "7": 99,
      "8": 99,
      "9": 99,
      "10": 261,
      "11": 0,
      "12": 0,
      "13": 0,
      "14": 0,
      "15": 0,
      "16": 0,
      "17": 0,
      "18": 0,
      "19": 0,
      "20": 0,
      "21": 0,
      "22": 0,
      "23": 0,
      "24": 0,
      "25": 0,
      "26": 0,
      "27": 0,
      "28": 0,
      "29": 0,
      "30": 0,
      "31": 0,
      "32": 0,
      "33": 90,
      "34": 180,
      "35": 90,
      "36": 90,
      "37": 99,
      "38": 99,
      "39": 99,
      "40": 99,
      "41": 99,
      "42": 99,
      "43": 99,
      "44": 99,
      "45": 99,
      "46": 0,
      "47": 0,
      "48": 0,
      "49": 0,
      "50": 0
    },
    "f": {
      "0": 261,
      "1": 90,
      "2": 180,
      "3": 99,
      "4": 0
    },
    "b": {
      "0": [
        99,
        0
      ],
      "1": [
        99,
        0
      ],
      "2": [
        99,
        99
      ],
      "3": [
        0,
        99
      ],
      "4": [
        0,
        261
      ],
      "5": [
        261,
        261
      ],
      "6": [
        90,
        90
      ],
      "7": [
        99,
        0
      ],
      "8": [
        99,
        99
      ],
      "9": [
        99,
        0
      ],
      "10": [
        99,
        99
      ],
      "11": [
        0,
        0
      ],
      "12": [
        0,
        0
      ]
    },
    "inputSourceMap": {
      "version": 3,
      "mappings": "AAkFY;;;;;;;;;;;;;;;;AAlFZ,SAASA,YAAY;AACrB;AAAA,EACIC,SAASC;AAAAA,EACTC;AAAAA,EACAC;AAAAA,EACAC;AAAAA,EACAC;AAAAA,EACAC;AAAAA,EACAC;AAAAA,EACAC;AAAAA,OACG;AAEPP,QAAQQ,SAASP,aAAaC,cAAcC,aAAaC,eAAeC,SAASC,QAAQC,MAAM;AAE/F,MAAME,8BAA8B;AAAA,EAChCC,IAAI;AAAA,EACJC,WAAWA,CAACC,UAAU;AAClB,QAAIA,MAAMC,SAASC,WAAWF,MAAMC,QAAQC,QAAQC,QAAQ;AACxD,YAAMC,MAAMJ,MAAMI;AAClB,YAAMC,cAAcL,MAAMC,QAAQC,QAAQ,CAAC,EAAEI;AAC7C,YAAMC,IAAIF,YAAYE;AACtB,YAAMC,IAAIH,YAAYG;AAGtBJ,UAAIK,KAAK;AACTL,UAAIM,UAAU;AACdN,UAAIO,YAAY,CAAC,GAAG,CAAC,CAAC;AACtBP,UAAIQ,OAAOL,GAAGP,MAAMa,UAAUC,GAAG;AACjCV,UAAIW,OAAOR,GAAGP,MAAMa,UAAUG,MAAM;AACpCZ,UAAIa,YAAY;AAChBb,UAAIc,cAAc;AAClBd,UAAIe,OAAO;AACXf,UAAIgB,QAAQ;AAGZhB,UAAIK,KAAK;AACTL,UAAIM,UAAU;AACdN,UAAIiB,IAAId,GAAGC,GAAG,GAAG,GAAG,IAAIc,KAAKC,EAAE;AAC/BnB,UAAIoB,YAAY;AAChBpB,UAAIc,cAAc;AAClBd,UAAIa,YAAY;AAChBb,UAAIqB,KAAK;AACTrB,UAAIe,OAAO;AACXf,UAAIgB,QAAQ;AAAA,IAChB;AAAA,EACJ;AACJ;AAEA,wBAAwBM,UAAU,EAAEC,QAAQC,UAAUC,MAAM,GAAG;AAC3D,QAAMC,OAAO;AAAA,IACTH;AAAAA,IACAC,UAAUA,SAASG,IAAI,CAAAC,SAAQ;AAAA,MAC3BC,OAAOD,IAAIC;AAAAA,MACXH,MAAME,IAAIF;AAAAA,MACVI,aAAaF,IAAIG;AAAAA,MACjBC,iBAAiBJ,IAAIG,QAAQ;AAAA,MAC7BE,SAAS;AAAA,MACTZ,MAAM;AAAA,MACNa,aAAa;AAAA,MACbC,kBAAkB;AAAA,MAClBC,YAAYR,IAAIS,SAAS,CAAC,GAAG,CAAC,IAAI;AAAA,IACtC,EAAE;AAAA,EACN;AAEA,QAAMC,UAAU;AAAA,IACZC,YAAY;AAAA,IACZC,SAAS;AAAA,MACLC,QAAQ,EAAEC,SAAS,KAAK;AAAA,MACxB7C,SAAS,EAAE8C,MAAM,SAASC,WAAW,MAAM;AAAA,MAC3CC,QAAQ,EAAEC,WAAW,MAAM;AAAA,IAC/B;AAAA,IACAC,QAAQ;AAAA,MACJ5C,GAAG;AAAA,QACC6C,MAAM,EAAEN,SAAS,MAAM;AAAA,QACvBO,OAAO,EAAEP,SAAS,MAAM;AAAA,MAC5B;AAAA,MACAtC,GAAG,EAAE8C,aAAa,KAAK;AAAA,IAC3B;AAAA,EACJ;AAEA,SACI,uBAAC,SAAI,WAAU,UACX;AAAA,2BAAC,SAAI,WAAU,4CAA4CzB,mBAA3D;AAAA;AAAA;AAAA;AAAA,WAAiE;AAAA,IACjE,uBAAC,QAAK,MAAY,SAAkB,SAAS,CAAChC,2BAA2B,KAAzE;AAAA;AAAA;AAAA;AAAA,WAA2E;AAAA,OAF/E;AAAA;AAAA;AAAA;AAAA,SAGA;AAER;AAAC0D,KAtCuB7B;AAAS,IAAA6B;AAAAC,aAAAD,IAAA",
      "names": [
        "Line",
        "Chart",
        "ChartJS",
        "LineElement",
        "PointElement",
        "LinearScale",
        "CategoryScale",
        "Tooltip",
        "Legend",
        "Filler",
        "register",
        "verticalLineWithPointPlugin",
        "id",
        "afterDraw",
        "chart",
        "tooltip",
        "_active",
        "length",
        "ctx",
        "activePoint",
        "element",
        "x",
        "y",
        "save",
        "beginPath",
        "setLineDash",
        "moveTo",
        "chartArea",
        "top",
        "lineTo",
        "bottom",
        "lineWidth",
        "strokeStyle",
        "stroke",
        "restore",
        "arc",
        "Math",
        "PI",
        "fillStyle",
        "fill",
        "GraphCard",
        "labels",
        "datasets",
        "title",
        "data",
        "map",
        "set",
        "label",
        "borderColor",
        "color",
        "backgroundColor",
        "tension",
        "pointRadius",
        "pointHoverRadius",
        "borderDash",
        "dashed",
        "options",
        "responsive",
        "plugins",
        "legend",
        "display",
        "mode",
        "intersect",
        "filler",
        "propagate",
        "scales",
        "grid",
        "ticks",
        "beginAtZero",
        "_c",
        "$RefreshReg$"
      ],
      "ignoreList": [],
      "sources": [
        "D:/EPSI/B3/Semestre 2/MSPR/ANALYZE-IT/frontend/src/components/GraphCard.jsx"
      ],
      "file": "D:/EPSI/B3/Semestre 2/MSPR/ANALYZE-IT/frontend/src/components/GraphCard.jsx"
    },
    "_coverageSchema": "1a1c01bbd47fc00a2c39e90264f33305004495a9",
    "hash": "2f15abe953b74191eb548a6c70a31dfde7d7a978"
  },
  "D:/EPSI/B3/Semestre 2/MSPR/ANALYZE-IT/frontend/src/components/NumberCard.jsx": {
    "path": "D:/EPSI/B3/Semestre 2/MSPR/ANALYZE-IT/frontend/src/components/NumberCard.jsx",
    "statementMap": {
      "0": {
        "start": {
          "line": 3,
          "column": 20
        },
        "end": {
          "line": 3,
          "column": 97
        }
      },
      "1": {
        "start": {
          "line": 6,
          "column": 0
        },
        "end": {
          "line": 16,
          "column": 1
        }
      },
      "2": {
        "start": {
          "line": 7,
          "column": 2
        },
        "end": {
          "line": 11,
          "column": 3
        }
      },
      "3": {
        "start": {
          "line": 8,
          "column": 4
        },
        "end": {
          "line": 10,
          "column": 6
        }
      },
      "4": {
        "start": {
          "line": 12,
          "column": 2
        },
        "end": {
          "line": 12,
          "column": 39
        }
      },
      "5": {
        "start": {
          "line": 13,
          "column": 2
        },
        "end": {
          "line": 13,
          "column": 39
        }
      },
      "6": {
        "start": {
          "line": 14,
          "column": 2
        },
        "end": {
          "line": 14,
          "column": 133
        }
      },
      "7": {
        "start": {
          "line": 15,
          "column": 2
        },
        "end": {
          "line": 15,
          "column": 75
        }
      },
      "8": {
        "start": {
          "line": 18,
          "column": 2
        },
        "end": {
          "line": 22,
          "column": 11
        }
      },
      "9": {
        "start": {
          "line": 18,
          "column": 42
        },
        "end": {
          "line": 22,
          "column": 11
        }
      },
      "10": {
        "start": {
          "line": 23,
          "column": 2
        },
        "end": {
          "line": 38,
          "column": 11
        }
      },
      "11": {
        "start": {
          "line": 40,
          "column": 0
        },
        "end": {
          "line": 40,
          "column": 16
        }
      },
      "12": {
        "start": {
          "line": 42,
          "column": 0
        },
        "end": {
          "line": 42,
          "column": 31
        }
      },
      "13": {
        "start": {
          "line": 43,
          "column": 0
        },
        "end": {
          "line": 46,
          "column": 1
        }
      },
      "14": {
        "start": {
          "line": 44,
          "column": 2
        },
        "end": {
          "line": 44,
          "column": 39
        }
      },
      "15": {
        "start": {
          "line": 45,
          "column": 2
        },
        "end": {
          "line": 45,
          "column": 39
        }
      },
      "16": {
        "start": {
          "line": 47,
          "column": 0
        },
        "end": {
          "line": 56,
          "column": 1
        }
      },
      "17": {
        "start": {
          "line": 48,
          "column": 2
        },
        "end": {
          "line": 55,
          "column": 5
        }
      },
      "18": {
        "start": {
          "line": 49,
          "column": 4
        },
        "end": {
          "line": 49,
          "column": 146
        }
      },
      "19": {
        "start": {
          "line": 50,
          "column": 4
        },
        "end": {
          "line": 54,
          "column": 7
        }
      },
      "20": {
        "start": {
          "line": 51,
          "column": 6
        },
        "end": {
          "line": 51,
          "column": 31
        }
      },
      "21": {
        "start": {
          "line": 51,
          "column": 24
        },
        "end": {
          "line": 51,
          "column": 31
        }
      },
      "22": {
        "start": {
          "line": 52,
          "column": 32
        },
        "end": {
          "line": 52,
          "column": 195
        }
      },
      "23": {
        "start": {
          "line": 53,
          "column": 6
        },
        "end": {
          "line": 53,
          "column": 75
        }
      },
      "24": {
        "start": {
          "line": 53,
          "column": 29
        },
        "end": {
          "line": 53,
          "column": 75
        }
      }
    },
    "fnMap": {
      "0": {
        "name": "NumberCard",
        "decl": {
          "start": {
            "line": 17,
            "column": 24
          },
          "end": {
            "line": 17,
            "column": 34
          }
        },
        "loc": {
          "start": {
            "line": 17,
            "column": 52
          },
          "end": {
            "line": 39,
            "column": 1
          }
        },
        "line": 17
      },
      "1": {
        "name": "(anonymous_1)",
        "decl": {
          "start": {
            "line": 48,
            "column": 52
          },
          "end": {
            "line": 48,
            "column": 53
          }
        },
        "loc": {
          "start": {
            "line": 48,
            "column": 72
          },
          "end": {
            "line": 55,
            "column": 3
          }
        },
        "line": 48
      },
      "2": {
        "name": "(anonymous_2)",
        "decl": {
          "start": {
            "line": 50,
            "column": 27
          },
          "end": {
            "line": 50,
            "column": 28
          }
        },
        "loc": {
          "start": {
            "line": 50,
            "column": 44
          },
          "end": {
            "line": 54,
            "column": 5
          }
        },
        "line": 50
      }
    },
    "branchMap": {
      "0": {
        "loc": {
          "start": {
            "line": 3,
            "column": 20
          },
          "end": {
            "line": 3,
            "column": 97
          }
        },
        "type": "binary-expr",
        "locations": [
          {
            "start": {
              "line": 3,
              "column": 20
            },
            "end": {
              "line": 3,
              "column": 60
            }
          },
          {
            "start": {
              "line": 3,
              "column": 64
            },
            "end": {
              "line": 3,
              "column": 97
            }
          }
        ],
        "line": 3
      },
      "1": {
        "loc": {
          "start": {
            "line": 6,
            "column": 0
          },
          "end": {
            "line": 16,
            "column": 1
          }
        },
        "type": "if",
        "locations": [
          {
            "start": {
              "line": 6,
              "column": 0
            },
            "end": {
              "line": 16,
              "column": 1
            }
          },
          {
            "start": {},
            "end": {}
          }
        ],
        "line": 6
      },
      "2": {
        "loc": {
          "start": {
            "line": 6,
            "column": 4
          },
          "end": {
            "line": 6,
            "column": 35
          }
        },
        "type": "binary-expr",
        "locations": [
          {
            "start": {
              "line": 6,
              "column": 4
            },
            "end": {
              "line": 6,
              "column": 19
            }
          },
          {
            "start": {
              "line": 6,
              "column": 23
            },
            "end": {
              "line": 6,
              "column": 35
            }
          }
        ],
        "line": 6
      },
      "3": {
        "loc": {
          "start": {
            "line": 7,
            "column": 2
          },
          "end": {
            "line": 11,
            "column": 3
          }
        },
        "type": "if",
        "locations": [
          {
            "start": {
              "line": 7,
              "column": 2
            },
            "end": {
              "line": 11,
              "column": 3
            }
          },
          {
            "start": {},
            "end": {}
          }
        ],
        "line": 7
      },
      "4": {
        "loc": {
          "start": {
            "line": 18,
            "column": 2
          },
          "end": {
            "line": 22,
            "column": 11
          }
        },
        "type": "if",
        "locations": [
          {
            "start": {
              "line": 18,
              "column": 2
            },
            "end": {
              "line": 22,
              "column": 11
            }
          },
          {
            "start": {},
            "end": {}
          }
        ],
        "line": 18
      },
      "5": {
        "loc": {
          "start": {
            "line": 18,
            "column": 6
          },
          "end": {
            "line": 18,
            "column": 40
          }
        },
        "type": "binary-expr",
        "locations": [
          {
            "start": {
              "line": 18,
              "column": 6
            },
            "end": {
              "line": 18,
              "column": 22
            }
          },
          {
            "start": {
              "line": 18,
              "column": 26
            },
            "end": {
              "line": 18,
              "column": 40
            }
          }
        ],
        "line": 18
      },
      "6": {
        "loc": {
          "start": {
            "line": 43,
            "column": 0
          },
          "end": {
            "line": 46,
            "column": 1
          }
        },
        "type": "if",
        "locations": [
          {
            "start": {
              "line": 43,
              "column": 0
            },
            "end": {
              "line": 46,
              "column": 1
            }
          },
          {
            "start": {},
            "end": {}
          }
        ],
        "line": 43
      },
      "7": {
        "loc": {
          "start": {
            "line": 43,
            "column": 4
          },
          "end": {
            "line": 43,
            "column": 35
          }
        },
        "type": "binary-expr",
        "locations": [
          {
            "start": {
              "line": 43,
              "column": 4
            },
            "end": {
              "line": 43,
              "column": 19
            }
          },
          {
            "start": {
              "line": 43,
              "column": 23
            },
            "end": {
              "line": 43,
              "column": 35
            }
          }
        ],
        "line": 43
      },
      "8": {
        "loc": {
          "start": {
            "line": 47,
            "column": 0
          },
          "end": {
            "line": 56,
            "column": 1
          }
        },
        "type": "if",
        "locations": [
          {
            "start": {
              "line": 47,
              "column": 0
            },
            "end": {
              "line": 56,
              "column": 1
            }
          },
          {
            "start": {},
            "end": {}
          }
        ],
        "line": 47
      },
      "9": {
        "loc": {
          "start": {
            "line": 47,
            "column": 4
          },
          "end": {
            "line": 47,
            "column": 35
          }
        },
        "type": "binary-expr",
        "locations": [
          {
            "start": {
              "line": 47,
              "column": 4
            },
            "end": {
              "line": 47,
              "column": 19
            }
          },
          {
            "start": {
              "line": 47,
              "column": 23
            },
            "end": {
              "line": 47,
              "column": 35
            }
          }
        ],
        "line": 47
      },
      "10": {
        "loc": {
          "start": {
            "line": 51,
            "column": 6
          },
          "end": {
            "line": 51,
            "column": 31
          }
        },
        "type": "if",
        "locations": [
          {
            "start": {
              "line": 51,
              "column": 6
            },
            "end": {
              "line": 51,
              "column": 31
            }
          },
          {
            "start": {},
            "end": {}
          }
        ],
        "line": 51
      },
      "11": {
        "loc": {
          "start": {
            "line": 53,
            "column": 6
          },
          "end": {
            "line": 53,
            "column": 75
          }
        },
        "type": "if",
        "locations": [
          {
            "start": {
              "line": 53,
              "column": 6
            },
            "end": {
              "line": 53,
              "column": 75
            }
          },
          {
            "start": {},
            "end": {}
          }
        ],
        "line": 53
      }
    },
    "s": {
      "0": 99,
      "1": 99,
      "2": 99,
      "3": 0,
      "4": 99,
      "5": 99,
      "6": 99,
      "7": 99,
      "8": 288,
      "9": 18,
      "10": 270,
      "11": 99,
      "12": 99,
      "13": 99,
      "14": 99,
      "15": 99,
      "16": 99,
      "17": 99,
      "18": 99,
      "19": 99,
      "20": 0,
      "21": 0,
      "22": 0,
      "23": 0,
      "24": 0
    },
    "f": {
      "0": 288,
      "1": 99,
      "2": 0
    },
    "b": {
      "0": [
        99,
        0
      ],
      "1": [
        99,
        0
      ],
      "2": [
        99,
        99
      ],
      "3": [
        0,
        99
      ],
      "4": [
        18,
        270
      ],
      "5": [
        288,
        270
      ],
      "6": [
        99,
        0
      ],
      "7": [
        99,
        99
      ],
      "8": [
        99,
        0
      ],
      "9": [
        99,
        99
      ],
      "10": [
        0,
        0
      ],
      "11": [
        0,
        0
      ]
    },
    "inputSourceMap": {
      "version": 3,
      "mappings": "AACsD;;;;;;;;;;;;;;;;AADtD,wBAAwBA,WAAW,EAAEC,MAAMC,MAAM,GAAG;AAChD,MAAIA,UAAUC,UAAaD,UAAU,KAAM,QAAO,uBAAC,OAAE,iBAAH;AAAA;AAAA;AAAA;AAAA,SAAI;AACtD,SACI,uBAAC,SAAI,IAAID,MAAM,WAAU,6KACrB;AAAA,2BAAC,OAAE,WAAU,yBAAyBA,kBAAtC;AAAA;AAAA;AAAA;AAAA,WAA2C;AAAA,IAC3C,uBAAC,OAAE,WAAU,oCAAoCC,mBAAjD;AAAA;AAAA;AAAA;AAAA,WAAuD;AAAA,OAF3D;AAAA;AAAA;AAAA;AAAA,SAGA;AAER;AAACE,KARuBJ;AAAU,IAAAI;AAAAC,aAAAD,IAAA",
      "names": [
        "NumberCard",
        "name",
        "value",
        "undefined",
        "_c",
        "$RefreshReg$"
      ],
      "ignoreList": [],
      "sources": [
        "D:/EPSI/B3/Semestre 2/MSPR/ANALYZE-IT/frontend/src/components/NumberCard.jsx"
      ],
      "file": "D:/EPSI/B3/Semestre 2/MSPR/ANALYZE-IT/frontend/src/components/NumberCard.jsx"
    },
    "_coverageSchema": "1a1c01bbd47fc00a2c39e90264f33305004495a9",
    "hash": "2b493fb8d1584c08bb88bc3606c9b4b9cc11350d"
  },
  "D:/EPSI/B3/Semestre 2/MSPR/ANALYZE-IT/frontend/src/components/TextCard.jsx": {
    "path": "D:/EPSI/B3/Semestre 2/MSPR/ANALYZE-IT/frontend/src/components/TextCard.jsx",
    "statementMap": {
      "0": {
        "start": {
          "line": 3,
          "column": 20
        },
        "end": {
          "line": 3,
          "column": 97
        }
      },
      "1": {
        "start": {
          "line": 6,
          "column": 0
        },
        "end": {
          "line": 16,
          "column": 1
        }
      },
      "2": {
        "start": {
          "line": 7,
          "column": 2
        },
        "end": {
          "line": 11,
          "column": 3
        }
      },
      "3": {
        "start": {
          "line": 8,
          "column": 4
        },
        "end": {
          "line": 10,
          "column": 6
        }
      },
      "4": {
        "start": {
          "line": 12,
          "column": 2
        },
        "end": {
          "line": 12,
          "column": 39
        }
      },
      "5": {
        "start": {
          "line": 13,
          "column": 2
        },
        "end": {
          "line": 13,
          "column": 39
        }
      },
      "6": {
        "start": {
          "line": 14,
          "column": 2
        },
        "end": {
          "line": 14,
          "column": 131
        }
      },
      "7": {
        "start": {
          "line": 15,
          "column": 2
        },
        "end": {
          "line": 15,
          "column": 75
        }
      },
      "8": {
        "start": {
          "line": 18,
          "column": 2
        },
        "end": {
          "line": 22,
          "column": 11
        }
      },
      "9": {
        "start": {
          "line": 18,
          "column": 14
        },
        "end": {
          "line": 22,
          "column": 11
        }
      },
      "10": {
        "start": {
          "line": 23,
          "column": 2
        },
        "end": {
          "line": 38,
          "column": 11
        }
      },
      "11": {
        "start": {
          "line": 40,
          "column": 0
        },
        "end": {
          "line": 40,
          "column": 14
        }
      },
      "12": {
        "start": {
          "line": 42,
          "column": 0
        },
        "end": {
          "line": 42,
          "column": 29
        }
      },
      "13": {
        "start": {
          "line": 43,
          "column": 0
        },
        "end": {
          "line": 46,
          "column": 1
        }
      },
      "14": {
        "start": {
          "line": 44,
          "column": 2
        },
        "end": {
          "line": 44,
          "column": 39
        }
      },
      "15": {
        "start": {
          "line": 45,
          "column": 2
        },
        "end": {
          "line": 45,
          "column": 39
        }
      },
      "16": {
        "start": {
          "line": 47,
          "column": 0
        },
        "end": {
          "line": 56,
          "column": 1
        }
      },
      "17": {
        "start": {
          "line": 48,
          "column": 2
        },
        "end": {
          "line": 55,
          "column": 5
        }
      },
      "18": {
        "start": {
          "line": 49,
          "column": 4
        },
        "end": {
          "line": 49,
          "column": 144
        }
      },
      "19": {
        "start": {
          "line": 50,
          "column": 4
        },
        "end": {
          "line": 54,
          "column": 7
        }
      },
      "20": {
        "start": {
          "line": 51,
          "column": 6
        },
        "end": {
          "line": 51,
          "column": 31
        }
      },
      "21": {
        "start": {
          "line": 51,
          "column": 24
        },
        "end": {
          "line": 51,
          "column": 31
        }
      },
      "22": {
        "start": {
          "line": 52,
          "column": 32
        },
        "end": {
          "line": 52,
          "column": 193
        }
      },
      "23": {
        "start": {
          "line": 53,
          "column": 6
        },
        "end": {
          "line": 53,
          "column": 75
        }
      },
      "24": {
        "start": {
          "line": 53,
          "column": 29
        },
        "end": {
          "line": 53,
          "column": 75
        }
      }
    },
    "fnMap": {
      "0": {
        "name": "TextCard",
        "decl": {
          "start": {
            "line": 17,
            "column": 24
          },
          "end": {
            "line": 17,
            "column": 32
          }
        },
        "loc": {
          "start": {
            "line": 17,
            "column": 50
          },
          "end": {
            "line": 39,
            "column": 1
          }
        },
        "line": 17
      },
      "1": {
        "name": "(anonymous_1)",
        "decl": {
          "start": {
            "line": 48,
            "column": 52
          },
          "end": {
            "line": 48,
            "column": 53
          }
        },
        "loc": {
          "start": {
            "line": 48,
            "column": 72
          },
          "end": {
            "line": 55,
            "column": 3
          }
        },
        "line": 48
      },
      "2": {
        "name": "(anonymous_2)",
        "decl": {
          "start": {
            "line": 50,
            "column": 27
          },
          "end": {
            "line": 50,
            "column": 28
          }
        },
        "loc": {
          "start": {
            "line": 50,
            "column": 44
          },
          "end": {
            "line": 54,
            "column": 5
          }
        },
        "line": 50
      }
    },
    "branchMap": {
      "0": {
        "loc": {
          "start": {
            "line": 3,
            "column": 20
          },
          "end": {
            "line": 3,
            "column": 97
          }
        },
        "type": "binary-expr",
        "locations": [
          {
            "start": {
              "line": 3,
              "column": 20
            },
            "end": {
              "line": 3,
              "column": 60
            }
          },
          {
            "start": {
              "line": 3,
              "column": 64
            },
            "end": {
              "line": 3,
              "column": 97
            }
          }
        ],
        "line": 3
      },
      "1": {
        "loc": {
          "start": {
            "line": 6,
            "column": 0
          },
          "end": {
            "line": 16,
            "column": 1
          }
        },
        "type": "if",
        "locations": [
          {
            "start": {
              "line": 6,
              "column": 0
            },
            "end": {
              "line": 16,
              "column": 1
            }
          },
          {
            "start": {},
            "end": {}
          }
        ],
        "line": 6
      },
      "2": {
        "loc": {
          "start": {
            "line": 6,
            "column": 4
          },
          "end": {
            "line": 6,
            "column": 35
          }
        },
        "type": "binary-expr",
        "locations": [
          {
            "start": {
              "line": 6,
              "column": 4
            },
            "end": {
              "line": 6,
              "column": 19
            }
          },
          {
            "start": {
              "line": 6,
              "column": 23
            },
            "end": {
              "line": 6,
              "column": 35
            }
          }
        ],
        "line": 6
      },
      "3": {
        "loc": {
          "start": {
            "line": 7,
            "column": 2
          },
          "end": {
            "line": 11,
            "column": 3
          }
        },
        "type": "if",
        "locations": [
          {
            "start": {
              "line": 7,
              "column": 2
            },
            "end": {
              "line": 11,
              "column": 3
            }
          },
          {
            "start": {},
            "end": {}
          }
        ],
        "line": 7
      },
      "4": {
        "loc": {
          "start": {
            "line": 18,
            "column": 2
          },
          "end": {
            "line": 22,
            "column": 11
          }
        },
        "type": "if",
        "locations": [
          {
            "start": {
              "line": 18,
              "column": 2
            },
            "end": {
              "line": 22,
              "column": 11
            }
          },
          {
            "start": {},
            "end": {}
          }
        ],
        "line": 18
      },
      "5": {
        "loc": {
          "start": {
            "line": 43,
            "column": 0
          },
          "end": {
            "line": 46,
            "column": 1
          }
        },
        "type": "if",
        "locations": [
          {
            "start": {
              "line": 43,
              "column": 0
            },
            "end": {
              "line": 46,
              "column": 1
            }
          },
          {
            "start": {},
            "end": {}
          }
        ],
        "line": 43
      },
      "6": {
        "loc": {
          "start": {
            "line": 43,
            "column": 4
          },
          "end": {
            "line": 43,
            "column": 35
          }
        },
        "type": "binary-expr",
        "locations": [
          {
            "start": {
              "line": 43,
              "column": 4
            },
            "end": {
              "line": 43,
              "column": 19
            }
          },
          {
            "start": {
              "line": 43,
              "column": 23
            },
            "end": {
              "line": 43,
              "column": 35
            }
          }
        ],
        "line": 43
      },
      "7": {
        "loc": {
          "start": {
            "line": 47,
            "column": 0
          },
          "end": {
            "line": 56,
            "column": 1
          }
        },
        "type": "if",
        "locations": [
          {
            "start": {
              "line": 47,
              "column": 0
            },
            "end": {
              "line": 56,
              "column": 1
            }
          },
          {
            "start": {},
            "end": {}
          }
        ],
        "line": 47
      },
      "8": {
        "loc": {
          "start": {
            "line": 47,
            "column": 4
          },
          "end": {
            "line": 47,
            "column": 35
          }
        },
        "type": "binary-expr",
        "locations": [
          {
            "start": {
              "line": 47,
              "column": 4
            },
            "end": {
              "line": 47,
              "column": 19
            }
          },
          {
            "start": {
              "line": 47,
              "column": 23
            },
            "end": {
              "line": 47,
              "column": 35
            }
          }
        ],
        "line": 47
      },
      "9": {
        "loc": {
          "start": {
            "line": 51,
            "column": 6
          },
          "end": {
            "line": 51,
            "column": 31
          }
        },
        "type": "if",
        "locations": [
          {
            "start": {
              "line": 51,
              "column": 6
            },
            "end": {
              "line": 51,
              "column": 31
            }
          },
          {
[...]
      "23": 288,
      "24": 88,
      "25": 90,
      "26": 90,
      "27": 90,
      "28": 90,
      "29": 64182,
      "30": 90,
      "31": 64182,
      "32": 90,
      "33": 58,
      "34": 60,
      "35": 58,
      "36": 528,
      "37": 328,
      "38": 654,
      "39": 99,
      "40": 99,
      "41": 41,
      "42": 99,
      "43": 99,
      "44": 99,
      "45": 99,
      "46": 41,
      "47": 41,
      "48": 41,
      "49": 41,
      "50": 0,
      "51": 0,
      "52": 0,
      "53": 0,
      "54": 0,
      "55": 99,
      "56": 856,
      "57": 378,
      "58": 90,
      "59": 0,
      "60": 569,
      "61": 580,
      "62": 386,
      "63": 386,
      "64": 386,
      "65": 58,
      "66": 58,
      "67": 99,
      "68": 58,
      "69": 58,
      "70": 58,
      "71": 58,
      "72": 58,
      "73": 41,
      "74": 41,
      "75": 41,
      "76": 0,
      "77": 0
    },
    "f": {
      "0": 328,
      "1": 654,
      "2": 64182,
      "3": 64182,
      "4": 654,
      "5": 41,
      "6": 41,
      "7": 0,
      "8": 856,
      "9": 378,
      "10": 580,
      "11": 386,
      "12": 58,
      "13": 0
    },
    "b": {
      "0": [
        99,
        0
      ],
      "1": [
        99,
        0
      ],
      "2": [
        99,
        99
      ],
      "3": [
        0,
        99
      ],
      "4": [
        856,
        488
      ],
      "5": [
        856,
        488
      ],
      "6": [
        856,
        500
      ],
      "7": [
        96,
        30
      ],
      "8": [
        378,
        126
      ],
      "9": [
        30,
        0
      ],
      "10": [
        90,
        12
      ],
      "11": [
        90,
        0
      ],
      "12": [
        64182,
        53730
      ],
      "13": [
        64182,
        10452
      ],
      "14": [
        90,
        0
      ],
      "15": [
        0,
        0
      ],
      "16": [
        124,
        204
      ],
      "17": [
        99,
        0
      ],
      "18": [
        99,
        41
      ],
      "19": [
        41,
        0
      ],
      "20": [
        99,
        41
      ],
      "21": [
        0,
        0
      ],
      "22": [
        0,
        0
      ],
      "23": [
        288,
        90
      ],
      "24": [
        90,
        0
      ],
      "25": [
        196,
        332
      ],
      "26": [
        58,
        0
      ],
      "27": [
        58,
        58
      ],
      "28": [
        58,
        0
      ],
      "29": [
        58,
        58
      ],
      "30": [
        41,
        0
      ],
      "31": [
        0,
        0
      ]
    },
    "inputSourceMap": {
      "version": 3,
      "mappings": "AAkCmB;;;;;;;;;;;;;;;;;AAlCnB,SAASA,gBAAgB;AACzB,OAAOC,WAAW;AAClB,OAAOC,eAAe;AACtB,OAAOC,gBAAgB;AACvB,OAAOC,cAAc;AACrB,OAAOC,mBAAmB;AAE1B,MAAMC,YAAYA,MAAM;AAAAC,KAAA;AACpB,QAAM,CAACC,gBAAgBC,iBAAiB,IAAIT,SAAS,EAAE;AACvD,QAAM,CAACU,YAAYC,aAAa,IAAIX,SAAS;AAAA,IACzCY,SAAS;AAAA,IACTC,OAAO;AAAA,IACPC,YAAY;AAAA,IACZC,UAAU;AAAA,EACd,CAAC;AAED,QAAMC,UAAU,CAAC,eAAe,gBAAgB,gBAAgB,iBAAiB,2BAA2B,yBAAyB;AACrI,QAAMC,SAAS,CAAC,qBAAqB,kBAAkB,aAAa,cAAc,mBAAmB;AACrG,QAAMC,OAAO,CAAC,WAAW;AAEzB,QAAM,EAAEC,YAAYC,SAASC,MAAM,IAAIhB,cAAc;AAAA,IACjDO,SAASF,WAAWE;AAAAA,IACpBC,OAAOH,WAAWG;AAAAA,IAClBS,WAAWZ,WAAWI;AAAAA,IACtBS,SAASb,WAAWK;AAAAA,EACxB,CAAC;AAED,QAAMS,eAAeL,YAAYM,YAAY,CAAC;AAC9C,QAAMC,iBAAiBP,YAAYQ,eAAe,CAAC;AACnD,QAAMC,cAAcT,YAAYU,gBAAgB,CAAC;AAEjD,QAAMC,uBAAuBA,CAACC,UAAU;AACpC,QAAIf,QAAQgB,SAASD,KAAK,KAAKb,KAAKc,SAASD,KAAK,GAAG;AACjD,YAAME,QAAQT,aAAaO,KAAK;AAChC,aAAO,uBAAC,cAAuB,IAAIA,OAAO,MAAMA,OAAO,OAAc,cAA7CA,OAAjB;AAAA;AAAA;AAAA;AAAA,aAAqF;AAAA,IAChG,WAAWd,OAAOe,SAASD,KAAK,GAAG;AAC/B,YAAMG,cAAcV,aAAaO,KAAK,KAAK,CAAC;AAC5C,YAAMI,gBAAgBT,eAAeK,KAAK,KAAK,CAAC;AAEhD,YAAMK,WAAWC,MAAMC,KAAK,oBAAIC,IAAI,CAAC,GAAGC,OAAOC,KAAKP,WAAW,GAAG,GAAGM,OAAOC,KAAKN,aAAa,CAAC,CAAC,CAAC,EAAEO,KAAK;AAExG,YAAMC,iBAAiBP,SAASQ,IAAI,CAAAC,SAAQX,YAAYW,IAAI,KAAK,IAAI;AACrE,YAAMC,mBAAmBV,SAASQ,IAAI,CAAAC,SAAQV,cAAcU,IAAI,KAAK,IAAI;AAEzE,aACI;AAAA,QAAC;AAAA;AAAA,UAEG,IAAId;AAAAA,UACJ,QAAQK;AAAAA,UACR,OAAOR,YAAYG,KAAK,KAAKA;AAAAA,UAC7B,UAAU;AAAA,YAAC,EAAEgB,OAAO,uBAAuBC,MAAML,gBAAgBM,OAAO,WAAWC,QAAQ,MAAM;AAAA,YACjG,EAAEH,OAAO,eAAeC,MAAMF,kBAAkBG,OAAO,WAAWC,QAAQ,KAAK;AAAA,UAAC;AAAA;AAAA,QAL3EnB;AAAAA,QADT;AAAA;AAAA;AAAA;AAAA;AAAA;AAAA;AAAA,MAMsF;AAAA,IAE9F,WAAWb,KAAKc,SAASD,KAAK,GAAG;AAC7B,YAAME,QAAQT,aAAaO,KAAK;AAChC,aAAO,uBAAC,YAAqB,IAAIA,OAAO,MAAMA,OAAO,OAAc,cAA7CA,OAAf;AAAA;AAAA;AAAA;AAAA,aAAmF;AAAA,IAC9F,OAAO;AACH,aAAO;AAAA,IACX;AAAA,EACJ;AAEA,SACI,uBAAC,SAAI,WAAU,8CACX;AAAA,2BAAC,SAAI,WAAU,gEACX,iCAAC,SAAI,0BAAL;AAAA;AAAA;AAAA;AAAA,WAAe,KADnB;AAAA;AAAA;AAAA;AAAA,WAEA;AAAA,IACA,uBAAC,SAAI,WAAU,eACX;AAAA,6BAAC,SAAM,gBAAgC,mBAAsC,YAAwB,iBAArG;AAAA;AAAA;AAAA;AAAA,aAAkI;AAAA,MAClI,uBAAC,SAAI,WAAU,6CACVX,oBACG,uBAAC,SAAI,WAAU,8FAA6F,6BAA5G;AAAA;AAAA;AAAA;AAAA,aAEA,IAEAZ,eAAeoC,IAAI,CAACb,UAAUD,qBAAqBC,KAAK,CAAC,KANjE;AAAA;AAAA;AAAA;AAAA,aAQA;AAAA,SAVJ;AAAA;AAAA;AAAA;AAAA,WAWA;AAAA,OAfJ;AAAA;AAAA;AAAA;AAAA,SAgBA;AAER;AAAExB,GAzEID,WAAS;AAAA,UAa4BD,aAAa;AAAA;AAAA8C,KAblD7C;AA2EN,eAAeA;AAAU,IAAA6C;AAAAC,aAAAD,IAAA",
      "names": [
        "useState",
        "Input",
        "GraphCard",
        "NumberCard",
        "TextCard",
        "usePrediction",
        "AnalyzeIt",
        "_s",
        "selectedModels",
        "setSelectedModels",
        "parameters",
        "setParameters",
        "country",
        "virus",
        "date_start",
        "date_end",
        "numbers",
        "graphs",
        "text",
        "prediction",
        "loading",
        "error",
        "dateStart",
        "dateEnd",
        "officialData",
        "official",
        "predictionData",
        "predictions",
        "fieldTitles",
        "field_titles",
        "renderModelComponent",
        "model",
        "includes",
        "value",
        "officialObj",
        "predictionObj",
        "allDates",
        "Array",
        "from",
        "Set",
        "Object",
        "keys",
        "sort",
        "officialPoints",
        "map",
        "date",
        "predictionPoints",
        "label",
        "data",
        "color",
        "dashed",
        "_c",
        "$RefreshReg$"
      ],
      "ignoreList": [],
      "sources": [
        "D:/EPSI/B3/Semestre 2/MSPR/ANALYZE-IT/frontend/src/pages/Home.jsx"
      ],
      "file": "D:/EPSI/B3/Semestre 2/MSPR/ANALYZE-IT/frontend/src/pages/Home.jsx"
    },
    "_coverageSchema": "1a1c01bbd47fc00a2c39e90264f33305004495a9",
    "hash": "2ae73e06ea7d1f779d5419fb508e9b320c5b56eb"
  },
  "D:/EPSI/B3/Semestre 2/MSPR/ANALYZE-IT/frontend/src/App.jsx": {
    "path": "D:/EPSI/B3/Semestre 2/MSPR/ANALYZE-IT/frontend/src/App.jsx",
    "statementMap": {
      "0": {
        "start": {
          "line": 3,
          "column": 20
        },
        "end": {
          "line": 3,
          "column": 97
        }
      },
      "1": {
        "start": {
          "line": 6,
          "column": 0
        },
        "end": {
          "line": 16,
          "column": 1
        }
      },
      "2": {
        "start": {
          "line": 7,
          "column": 2
        },
        "end": {
          "line": 11,
          "column": 3
        }
      },
      "3": {
        "start": {
          "line": 8,
          "column": 4
        },
        "end": {
          "line": 10,
          "column": 6
        }
      },
      "4": {
        "start": {
          "line": 12,
          "column": 2
        },
        "end": {
          "line": 12,
          "column": 39
        }
      },
      "5": {
        "start": {
          "line": 13,
          "column": 2
        },
        "end": {
          "line": 13,
          "column": 39
        }
      },
      "6": {
        "start": {
          "line": 14,
          "column": 2
        },
        "end": {
          "line": 14,
          "column": 115
        }
      },
      "7": {
        "start": {
          "line": 15,
          "column": 2
        },
        "end": {
          "line": 15,
          "column": 75
        }
      },
      "8": {
        "start": {
          "line": 20,
          "column": 2
        },
        "end": {
          "line": 28,
          "column": 11
        }
      },
      "9": {
        "start": {
          "line": 30,
          "column": 0
        },
        "end": {
          "line": 30,
          "column": 9
        }
      },
      "10": {
        "start": {
          "line": 33,
          "column": 0
        },
        "end": {
          "line": 33,
          "column": 24
        }
      },
      "11": {
        "start": {
          "line": 34,
          "column": 0
        },
        "end": {
          "line": 37,
          "column": 1
        }
      },
      "12": {
        "start": {
          "line": 35,
          "column": 2
        },
        "end": {
          "line": 35,
          "column": 39
        }
      },
      "13": {
        "start": {
          "line": 36,
          "column": 2
        },
        "end": {
          "line": 36,
          "column": 39
        }
      },
      "14": {
        "start": {
          "line": 38,
          "column": 0
        },
        "end": {
          "line": 47,
          "column": 1
        }
      },
      "15": {
        "start": {
          "line": 39,
          "column": 2
        },
        "end": {
          "line": 46,
          "column": 5
        }
      },
      "16": {
        "start": {
          "line": 40,
          "column": 4
        },
        "end": {
          "line": 40,
          "column": 128
        }
      },
      "17": {
        "start": {
          "line": 41,
          "column": 4
        },
        "end": {
          "line": 45,
          "column": 7
        }
      },
      "18": {
        "start": {
          "line": 42,
          "column": 6
        },
        "end": {
          "line": 42,
          "column": 31
        }
      },
      "19": {
        "start": {
          "line": 42,
          "column": 24
        },
        "end": {
          "line": 42,
          "column": 31
        }
      },
      "20": {
        "start": {
          "line": 43,
          "column": 32
        },
        "end": {
          "line": 43,
          "column": 177
        }
      },
      "21": {
        "start": {
          "line": 44,
          "column": 6
        },
        "end": {
          "line": 44,
          "column": 75
        }
      },
      "22": {
        "start": {
          "line": 44,
          "column": 29
        },
        "end": {
          "line": 44,
          "column": 75
        }
      }
    },
    "fnMap": {
      "0": {
        "name": "App",
        "decl": {
          "start": {
            "line": 19,
            "column": 9
          },
          "end": {
            "line": 19,
            "column": 12
          }
        },
        "loc": {
          "start": {
            "line": 19,
            "column": 15
          },
          "end": {
            "line": 29,
            "column": 1
          }
        },
        "line": 19
      },
      "1": {
        "name": "(anonymous_1)",
        "decl": {
          "start": {
            "line": 39,
            "column": 52
          },
          "end": {
            "line": 39,
            "column": 53
          }
        },
        "loc": {
          "start": {
            "line": 39,
            "column": 72
          },
          "end": {
            "line": 46,
            "column": 3
          }
        },
        "line": 39
      },
      "2": {
        "name": "(anonymous_2)",
        "decl": {
          "start": {
            "line": 41,
            "column": 27
          },
          "end": {
            "line": 41,
            "column": 28
          }
        },
        "loc": {
          "start": {
            "line": 41,
            "column": 44
          },
          "end": {
            "line": 45,
            "column": 5
          }
        },
        "line": 41
      }
    },
    "branchMap": {
      "0": {
        "loc": {
          "start": {
            "line": 3,
            "column": 20
          },
          "end": {
            "line": 3,
            "column": 97
          }
        },
        "type": "binary-expr",
        "locations": [
          {
            "start": {
              "line": 3,
              "column": 20
            },
            "end": {
              "line": 3,
              "column": 60
            }
          },
          {
            "start": {
              "line": 3,
              "column": 64
            },
            "end": {
              "line": 3,
              "column": 97
            }
          }
        ],
        "line": 3
      },
      "1": {
        "loc": {
          "start": {
            "line": 6,
            "column": 0
          },
          "end": {
            "line": 16,
            "column": 1
          }
        },
        "type": "if",
        "locations": [
          {
            "start": {
              "line": 6,
              "column": 0
            },
            "end": {
              "line": 16,
              "column": 1
            }
          },
          {
            "start": {},
            "end": {}
          }
        ],
        "line": 6
      },
      "2": {
        "loc": {
          "start": {
            "line": 6,
            "column": 4
          },
          "end": {
            "line": 6,
            "column": 35
          }
        },
        "type": "binary-expr",
        "locations": [
          {
            "start": {
              "line": 6,
              "column": 4
            },
            "end": {
              "line": 6,
              "column": 19
            }
          },
          {
            "start": {
              "line": 6,
              "column": 23
            },
            "end": {
              "line": 6,
              "column": 35
            }
          }
        ],
        "line": 6
      },
      "3": {
        "loc": {
          "start": {
            "line": 7,
            "column": 2
          },
          "end": {
            "line": 11,
            "column": 3
          }
        },
        "type": "if",
        "locations": [
          {
            "start": {
              "line": 7,
              "column": 2
            },
            "end": {
              "line": 11,
              "column": 3
            }
          },
          {
            "start": {},
            "end": {}
          }
        ],
        "line": 7
      },
      "4": {
        "loc": {
          "start": {
            "line": 34,
            "column": 0
          },
          "end": {
            "line": 37,
            "column": 1
          }
        },
        "type": "if",
        "locations": [
          {
            "start": {
              "line": 34,
              "column": 0
            },
            "end": {
              "line": 37,
              "column": 1
            }
          },
          {
            "start": {},
            "end": {}
          }
        ],
        "line": 34
      },
      "5": {
        "loc": {
          "start": {
            "line": 34,
            "column": 4
          },
          "end": {
            "line": 34,
            "column": 35
          }
        },
        "type": "binary-expr",
        "locations": [
          {
            "start": {
              "line": 34,
              "column": 4
            },
            "end": {
              "line": 34,
              "column": 19
            }
          },
          {
            "start": {
              "line": 34,
              "column": 23
            },
            "end": {
              "line": 34,
              "column": 35
            }
          }
        ],
        "line": 34
      },
      "6": {
        "loc": {
          "start": {
            "line": 38,
            "column": 0
          },
          "end": {
            "line": 47,
            "column": 1
          }
        },
        "type": "if",
        "locations": [
          {
            "start": {
              "line": 38,
              "column": 0
            },
            "end": {
              "line": 47,
              "column": 1
            }
          },
          {
            "start": {},
            "end": {}
          }
        ],
        "line": 38
      },
      "7": {
        "loc": {
          "start": {
            "line": 38,
            "column": 4
          },
          "end": {
            "line": 38,
            "column": 35
          }
        },
        "type": "binary-expr",
        "locations": [
          {
            "start": {
              "line": 38,
              "column": 4
            },
            "end": {
              "line": 38,
              "column": 19
            }
          },
          {
            "start": {
              "line": 38,
              "column": 23
            },
            "end": {
              "line": 38,
              "column": 35
            }
          }
        ],
        "line": 38
      },
      "8": {
        "loc": {
          "start": {
            "line": 42,
            "column": 6
          },
          "end": {
            "line": 42,
            "column": 31
          }
        },
        "type": "if",
        "locations": [
          {
            "start": {
              "line": 42,
              "column": 6
            },
            "end": {
              "line": 42,
              "column": 31
            }
          },
          {
            "start": {},
            "end": {}
          }
        ],
        "line": 42
      },
      "9": {
        "loc": {
          "start": {
            "line": 44,
            "column": 6
          },
          "end": {
            "line": 44,
            "column": 75
          }
        },
        "type": "if",
        "locations": [
          {
            "start": {
              "line": 44,
              "column": 6
            },
            "end": {
              "line": 44,
              "column": 75
            }
          },
          {
            "start": {},
            "end": {}
          }
        ],
        "line": 44
      }
    },
    "s": {
      "0": 99,
      "1": 99,
      "2": 99,
      "3": 0,
      "4": 99,
      "5": 99,
      "6": 99,
      "7": 99,
      "8": 198,
      "9": 99,
      "10": 99,
      "11": 99,
      "12": 99,
      "13": 99,
      "14": 99,
      "15": 99,
      "16": 87,
      "17": 87,
      "18": 0,
      "19": 0,
      "20": 0,
      "21": 0,
      "22": 0
    },
    "f": {
      "0": 198,
      "1": 87,
      "2": 0
    },
    "b": {
      "0": [
        99,
        0
      ],
      "1": [
        99,
        0
      ],
      "2": [
        99,
        99
      ],
      "3": [
        0,
        99
      ],
      "4": [
        99,
        0
      ],
      "5": [
        99,
        99
      ],
      "6": [
        99,
        0
      ],
      "7": [
        99,
        99
      ],
      "8": [
        0,
        0
      ],
      "9": [
        0,
        0
      ]
    },
    "inputSourceMap": {
      "version": 3,
      "mappings": "AAMI,mBACE,cADF;;;;;;;;;;;;;;;;AANJ,OAAO;AACP,OAAOA,eAAe;AAEtB,SAASC,MAAM;AAEb,SACE,mCACE,iCAAC,eAAD;AAAA;AAAA;AAAA;AAAA,SAAU,KADZ;AAAA;AAAA;AAAA;AAAA,SAEA;AAEJ;AAACC,KAPQD;AAST,eAAeA;AAAG,IAAAC;AAAAC,aAAAD,IAAA",
      "names": [
        "AnalyzeIt",
        "App",
        "_c",
        "$RefreshReg$"
      ],
      "ignoreList": [],
      "sources": [
        "D:/EPSI/B3/Semestre 2/MSPR/ANALYZE-IT/frontend/src/App.jsx"
      ],
      "file": "D:/EPSI/B3/Semestre 2/MSPR/ANALYZE-IT/frontend/src/App.jsx"
    },
    "_coverageSchema": "1a1c01bbd47fc00a2c39e90264f33305004495a9",
    "hash": "2726982d988e55aa1773fc6cbe51343e4c7fac60"
  },
  "D:/EPSI/B3/Semestre 2/MSPR/ANALYZE-IT/cypress/cypress.config.js": {
    "path": "D:/EPSI/B3/Semestre 2/MSPR/ANALYZE-IT/cypress/cypress.config.js",
    "statementMap": {},
    "fnMap": {},
    "branchMap": {},
    "s": {},
    "f": {},
    "b": {}
  }
}