{"D:/EPSI/B3/Semestre 2/MSPR/ANALYZE-IT/cypress/cypress.config.js": {"path":"D:/EPSI/B3/Semestre 2/MSPR/ANALYZE-IT/cypress/cypress.config.js","statementMap":{},"fnMap":{},"branchMap":{},"s":{},"f":{},"b":{}}
,"D:/EPSI/B3/Semestre 2/MSPR/ANALYZE-IT/frontend/src/App.jsx": {"path":"D:/EPSI/B3/Semestre 2/MSPR/ANALYZE-IT/frontend/src/App.jsx","statementMap":{"0":{"start":{"line":6,"column":2},"end":{"line":9,"column":null}},"1":{"start":{"line":11,"column":1},"end":{"line":4,"column":15}},"2":{"start":{"line":13,"column":18},"end":{"line":13,"column":null}}},"fnMap":{"0":{"name":"App","decl":{"start":{"line":4,"column":9},"end":{"line":4,"column":15}},"loc":{"start":{"line":4,"column":15},"end":{"line":11,"column":1}}}},"branchMap":{},"s":{"0":198,"1":99,"2":99},"f":{"0":198},"b":{}}
,"D:/EPSI/B3/Semestre 2/MSPR/ANALYZE-IT/frontend/src/components/GraphCard.jsx": {"path":"D:/EPSI/B3/Semestre 2/MSPR/ANALYZE-IT/frontend/src/components/GraphCard.jsx","statementMap":{"0":{"start":{"line":13,"column":0},"end":{"line":13,"column":null}},"1":{"start":{"line":15,"column":36},"end":{"line":47,"column":null}},"2":{"start":{"line":18,"column":8},"end":{"line":45,"column":null}},"3":{"start":{"line":19,"column":24},"end":{"line":19,"column":null}},"4":{"start":{"line":20,"column":32},"end":{"line":20,"column":null}},"5":{"start":{"line":21,"column":22},"end":{"line":21,"column":null}},"6":{"start":{"line":22,"column":22},"end":{"line":22,"column":null}},"7":{"start":{"line":25,"column":12},"end":{"line":25,"column":null}},"8":{"start":{"line":26,"column":12},"end":{"line":26,"column":null}},"9":{"start":{"line":27,"column":12},"end":{"line":27,"column":null}},"10":{"start":{"line":28,"column":12},"end":{"line":28,"column":null}},"11":{"start":{"line":29,"column":12},"end":{"line":29,"column":null}},"12":{"start":{"line":30,"column":12},"end":{"line":30,"column":null}},"13":{"start":{"line":31,"column":12},"end":{"line":31,"column":null}},"14":{"start":{"line":32,"column":12},"end":{"line":32,"column":null}},"15":{"start":{"line":33,"column":12},"end":{"line":33,"column":null}},"16":{"start":{"line":36,"column":12},"end":{"line":36,"column":null}},"17":{"start":{"line":37,"column":12},"end":{"line":37,"column":null}},"18":{"start":{"line":38,"column":12},"end":{"line":38,"column":null}},"19":{"start":{"line":39,"column":12},"end":{"line":39,"column":null}},"20":{"start":{"line":40,"column":12},"end":{"line":40,"column":null}},"21":{"start":{"line":41,"column":12},"end":{"line":41,"column":null}},"22":{"start":{"line":42,"column":12},"end":{"line":42,"column":null}},"23":{"start":{"line":43,"column":12},"end":{"line":43,"column":null}},"24":{"start":{"line":44,"column":12},"end":{"line":44,"column":null}},"25":{"start":{"line":50,"column":17},"end":{"line":63,"column":null}},"26":{"start":{"line":52,"column":39},"end":{"line":62,"column":10}},"27":{"start":{"line":65,"column":20},"end":{"line":79,"column":null}},"28":{"start":{"line":81,"column":4},"end":{"line":85,"column":null}},"29":{"start":{"line":87,"column":1},"end":{"line":49,"column":33}},"30":{"start":{"line":49,"column":33},"end":{"line":49,"column":34}}},"fnMap":{"0":{"name":"(anonymous_0)","decl":{"start":{"line":17,"column":15},"end":{"line":17,"column":16}},"loc":{"start":{"line":17,"column":26},"end":{"line":46,"column":null}}},"1":{"name":"GraphCard","decl":{"start":{"line":49,"column":24},"end":{"line":49,"column":33}},"loc":{"start":{"line":49,"column":63},"end":{"line":87,"column":1}}},"2":{"name":"(anonymous_2)","decl":{"start":{"line":52,"column":31},"end":{"line":52,"column":39}},"loc":{"start":{"line":52,"column":39},"end":{"line":62,"column":10}}}},"branchMap":{"0":{"loc":{"start":{"line":18,"column":8},"end":{"line":45,"column":null}},"type":"if","locations":[{"start":{"line":18,"column":8},"end":{"line":45,"column":null}}]},"1":{"loc":{"start":{"line":18,"column":12},"end":{"line":18,"column":68}},"type":"binary-expr","locations":[{"start":{"line":18,"column":12},"end":{"line":18,"column":38}},{"start":{"line":18,"column":38},"end":{"line":18,"column":68}}]},"2":{"loc":{"start":{"line":61,"column":24},"end":{"line":61,"column":null}},"type":"cond-expr","locations":[{"start":{"line":61,"column":37},"end":{"line":61,"column":46}},{"start":{"line":61,"column":46},"end":{"line":61,"column":null}}]}},"s":{"0":99,"1":99,"2":261,"3":0,"4":0,"5":0,"6":0,"7":0,"8":0,"9":0,"10":0,"11":0,"12":0,"13":0,"14":0,"15":0,"16":0,"17":0,"18":0,"19":0,"20":0,"21":0,"22":0,"23":0,"24":0,"25":90,"26":180,"27":90,"28":90,"29":99,"30":99},"f":{"0":261,"1":90,"2":180},"b":{"0":[0],"1":[261,261],"2":[90,90]}}
,"D:/EPSI/B3/Semestre 2/MSPR/ANALYZE-IT/frontend/src/components/Input.jsx": {"path":"D:/EPSI/B3/Semestre 2/MSPR/ANALYZE-IT/frontend/src/components/Input.jsx","statementMap":{"0":{"start":{"line":2,"column":22},"end":{"line":6,"column":null}},"1":{"start":{"line":9,"column":21},"end":{"line":10,"column":null}},"2":{"start":{"line":12,"column":20},"end":{"line":224,"column":null}},"3":{"start":{"line":225,"column":36},"end":{"line":231,"column":null}},"4":{"start":{"line":226,"column":8},"end":{"line":230,"column":null}},"5":{"start":{"line":227,"column":12},"end":{"line":229,"column":null}},"6":{"start":{"line":228,"column":37},"end":{"line":228,"column":48}},"7":{"start":{"line":233,"column":34},"end":{"line":239,"column":null}},"8":{"start":{"line":234,"column":32},"end":{"line":234,"column":null}},"9":{"start":{"line":235,"column":8},"end":{"line":238,"column":null}},"10":{"start":{"line":235,"column":33},"end":{"line":238,"column":10}},"11":{"start":{"line":241,"column":4},"end":{"line":328,"column":null}},"12":{"start":{"line":253,"column":24},"end":{"line":255,"column":null}},"13":{"start":{"line":269,"column":24},"end":{"line":271,"column":null}},"14":{"start":{"line":304,"column":28},"end":{"line":308,"column":null}},"15":{"start":{"line":305,"column":32},"end":{"line":305,"column":null}},"16":{"start":{"line":307,"column":32},"end":{"line":307,"column":null}},"17":{"start":{"line":317,"column":24},"end":{"line":324,"column":null}},"18":{"start":{"line":321,"column":48},"end":{"line":321,"column":79}},"19":{"start":{"line":330,"column":1},"end":{"line":1,"column":29}},"20":{"start":{"line":1,"column":29},"end":{"line":1,"column":30}}},"fnMap":{"0":{"name":"Input","decl":{"start":{"line":1,"column":24},"end":{"line":1,"column":29}},"loc":{"start":{"line":1,"column":96},"end":{"line":330,"column":1}}},"1":{"name":"(anonymous_1)","decl":{"start":{"line":225,"column":36},"end":{"line":225,"column":37}},"loc":{"start":{"line":225,"column":47},"end":{"line":231,"column":null}}},"2":{"name":"(anonymous_2)","decl":{"start":{"line":226,"column":26},"end":{"line":226,"column":27}},"loc":{"start":{"line":227,"column":12},"end":{"line":229,"column":null}}},"3":{"name":"(anonymous_3)","decl":{"start":{"line":228,"column":30},"end":{"line":228,"column":31}},"loc":{"start":{"line":228,"column":37},"end":{"line":228,"column":48}}},"4":{"name":"(anonymous_4)","decl":{"start":{"line":233,"column":34},"end":{"line":233,"column":35}},"loc":{"start":{"line":233,"column":41},"end":{"line":239,"column":null}}},"5":{"name":"(anonymous_5)","decl":{"start":{"line":235,"column":22},"end":{"line":235,"column":23}},"loc":{"start":{"line":235,"column":33},"end":{"line":238,"column":10}}},"6":{"name":"(anonymous_6)","decl":{"start":{"line":252,"column":33},"end":{"line":252,"column":34}},"loc":{"start":{"line":253,"column":24},"end":{"line":255,"column":null}}},"7":{"name":"(anonymous_7)","decl":{"start":{"line":268,"column":34},"end":{"line":268,"column":35}},"loc":{"start":{"line":269,"column":24},"end":{"line":271,"column":null}}},"8":{"name":"(anonymous_8)","decl":{"start":{"line":303,"column":34},"end":{"line":303,"column":35}},"loc":{"start":{"line":303,"column":41},"end":{"line":309,"column":26}}},"9":{"name":"(anonymous_9)","decl":{"start":{"line":316,"column":35},"end":{"line":316,"column":36}},"loc":{"start":{"line":317,"column":24},"end":{"line":324,"column":null}}},"10":{"name":"(anonymous_10)","decl":{"start":{"line":321,"column":42},"end":{"line":321,"column":48}},"loc":{"start":{"line":321,"column":48},"end":{"line":321,"column":79}}}},"branchMap":{"0":{"loc":{"start":{"line":227,"column":12},"end":{"line":229,"column":null}},"type":"cond-expr","locations":[{"start":{"line":228,"column":18},"end":{"line":228,"column":null}},{"start":{"line":229,"column":18},"end":{"line":229,"column":null}}]},"1":{"loc":{"start":{"line":304,"column":28},"end":{"line":308,"column":null}},"type":"if","locations":[{"start":{"line":304,"column":28},"end":{"line":308,"column":null}},{"start":{"line":306,"column":35},"end":{"line":308,"column":null}}]}},"s":{"0":856,"1":856,"2":856,"3":856,"4":75,"5":150,"6":0,"7":856,"8":27,"9":27,"10":54,"11":856,"12":181472,"13":1712,"14":9,"15":6,"16":3,"17":10272,"18":75,"19":99,"20":99},"f":{"0":856,"1":75,"2":150,"3":0,"4":27,"5":54,"6":181472,"7":1712,"8":9,"9":10272,"10":75},"b":{"0":[0,150],"1":[6,3]}}
,"D:/EPSI/B3/Semestre 2/MSPR/ANALYZE-IT/frontend/src/components/NumberCard.jsx": {"path":"D:/EPSI/B3/Semestre 2/MSPR/ANALYZE-IT/frontend/src/components/NumberCard.jsx","statementMap":{"0":{"start":{"line":2,"column":4},"end":{"line":2,"column":null}},"1":{"start":{"line":2,"column":47},"end":{"line":2,"column":null}},"2":{"start":{"line":3,"column":4},"end":{"line":7,"column":null}},"3":{"start":{"line":9,"column":1},"end":{"line":1,"column":34}},"4":{"start":{"line":1,"column":34},"end":{"line":1,"column":35}}},"fnMap":{"0":{"name":"NumberCard","decl":{"start":{"line":1,"column":24},"end":{"line":1,"column":34}},"loc":{"start":{"line":1,"column":52},"end":{"line":9,"column":1}}}},"branchMap":{"0":{"loc":{"start":{"line":2,"column":4},"end":{"line":2,"column":null}},"type":"if","locations":[{"start":{"line":2,"column":4},"end":{"line":2,"column":null}}]},"1":{"loc":{"start":{"line":2,"column":8},"end":{"line":2,"column":47}},"type":"binary-expr","locations":[{"start":{"line":2,"column":8},"end":{"line":2,"column":31}},{"start":{"line":2,"column":31},"end":{"line":2,"column":47}}]}},"s":{"0":288,"1":18,"2":270,"3":99,"4":99},"f":{"0":288},"b":{"0":[18],"1":[288,270]}}
,"D:/EPSI/B3/Semestre 2/MSPR/ANALYZE-IT/frontend/src/components/TextCard.jsx": {"path":"D:/EPSI/B3/Semestre 2/MSPR/ANALYZE-IT/frontend/src/components/TextCard.jsx","statementMap":{"0":{"start":{"line":2,"column":4},"end":{"line":2,"column":null}},"1":{"start":{"line":2,"column":16},"end":{"line":2,"column":null}},"2":{"start":{"line":3,"column":4},"end":{"line":7,"column":null}},"3":{"start":{"line":9,"column":1},"end":{"line":1,"column":32}},"4":{"start":{"line":1,"column":32},"end":{"line":1,"column":33}}},"fnMap":{"0":{"name":"TextCard","decl":{"start":{"line":1,"column":24},"end":{"line":1,"column":32}},"loc":{"start":{"line":1,"column":50},"end":{"line":9,"column":1}}}},"branchMap":{"0":{"loc":{"start":{"line":2,"column":4},"end":{"line":2,"column":null}},"type":"if","locations":[{"start":{"line":2,"column":4},"end":{"line":2,"column":null}}]}},"s":{"0":0,"1":0,"2":0,"3":99,"4":99},"f":{"0":0},"b":{"0":[0]}}
,"D:/EPSI/B3/Semestre 2/MSPR/ANALYZE-IT/frontend/src/pages/Home.jsx": {"path":"D:/EPSI/B3/Semestre 2/MSPR/ANALYZE-IT/frontend/src/pages/Home.jsx","statementMap":{"0":{"start":{"line":8,"column":18},"end":{"line":81,"column":2}},"1":{"start":{"line":8,"column":24},"end":{"line":8,"column":null}},"2":{"start":{"line":9,"column":48},"end":{"line":9,"column":null}},"3":{"start":{"line":10,"column":40},"end":{"line":15,"column":null}},"4":{"start":{"line":17,"column":20},"end":{"line":17,"column":null}},"5":{"start":{"line":18,"column":19},"end":{"line":18,"column":null}},"6":{"start":{"line":19,"column":17},"end":{"line":19,"column":null}},"7":{"start":{"line":21,"column":43},"end":{"line":26,"column":null}},"8":{"start":{"line":28,"column":25},"end":{"line":28,"column":null}},"9":{"start":{"line":29,"column":27},"end":{"line":29,"column":null}},"10":{"start":{"line":30,"column":24},"end":{"line":30,"column":null}},"11":{"start":{"line":32,"column":33},"end":{"line":60,"column":null}},"12":{"start":{"line":33,"column":8},"end":{"line":59,"column":null}},"13":{"start":{"line":34,"column":26},"end":{"line":34,"column":null}},"14":{"start":{"line":35,"column":12},"end":{"line":35,"column":null}},"15":{"start":{"line":36,"column":8},"end":{"line":59,"column":null}},"16":{"start":{"line":37,"column":32},"end":{"line":37,"column":null}},"17":{"start":{"line":38,"column":34},"end":{"line":38,"column":null}},"18":{"start":{"line":40,"column":29},"end":{"line":40,"column":null}},"19":{"start":{"line":42,"column":35},"end":{"line":42,"column":null}},"20":{"start":{"line":42,"column":56},"end":{"line":42,"column":81}},"21":{"start":{"line":43,"column":37},"end":{"line":43,"column":null}},"22":{"start":{"line":43,"column":58},"end":{"line":43,"column":85}},"23":{"start":{"line":45,"column":12},"end":{"line":52,"column":null}},"24":{"start":{"line":54,"column":8},"end":{"line":59,"column":null}},"25":{"start":{"line":55,"column":26},"end":{"line":55,"column":null}},"26":{"start":{"line":56,"column":12},"end":{"line":56,"column":null}},"27":{"start":{"line":58,"column":12},"end":{"line":58,"column":null}},"28":{"start":{"line":62,"column":4},"end":{"line":79,"column":null}},"29":{"start":{"line":75,"column":54},"end":{"line":75,"column":81}},"30":{"start":{"line":81,"column":2},"end":{"line":21,"column":57}},"31":{"start":{"line":8,"column":15},"end":{"line":21,"column":57}},"32":{"start":{"line":21,"column":56},"end":{"line":8,"column":15}},"33":{"start":{"line":83,"column":25},"end":{"line":83,"column":null}},"34":{"start":{"line":8,"column":18},"end":{"line":67,"column":13}},"35":{"start":{"line":32,"column":33},"end":{"line":56,"column":20}},"36":{"start":{"line":33,"column":8},"end":{"line":56,"column":19}},"37":{"start":{"line":36,"column":8},"end":{"line":56,"column":19}},"38":{"start":{"line":55,"column":12},"end":{"line":55,"column":26}},"39":{"start":{"line":56,"column":19},"end":{"line":67,"column":13}},"40":{"start":{"line":68,"column":16},"end":{"line":68,"column":17}},"41":{"start":{"line":67,"column":12},"end":{"line":63,"column":9}},"42":{"start":{"line":78,"column":12},"end":{"line":63,"column":9}},"43":{"start":{"line":63,"column":8},"end":{"line":63,"column":9}},"44":{"start":{"line":81,"column":0},"end":{"line":81,"column":2}},"45":{"start":{"line":21,"column":56},"end":{"line":21,"column":57}}},"fnMap":{"0":{"name":"(anonymous_0)","decl":{"start":{"line":8,"column":18},"end":{"line":8,"column":24}},"loc":{"start":{"line":8,"column":24},"end":{"line":81,"column":2}}},"1":{"name":"(anonymous_1)","decl":{"start":{"line":32,"column":33},"end":{"line":32,"column":34}},"loc":{"start":{"line":32,"column":44},"end":{"line":60,"column":null}}},"2":{"name":"(anonymous_2)","decl":{"start":{"line":42,"column":48},"end":{"line":42,"column":56}},"loc":{"start":{"line":42,"column":56},"end":{"line":42,"column":81}}},"3":{"name":"(anonymous_3)","decl":{"start":{"line":43,"column":50},"end":{"line":43,"column":58}},"loc":{"start":{"line":43,"column":58},"end":{"line":43,"column":85}}},"4":{"name":"(anonymous_4)","decl":{"start":{"line":75,"column":43},"end":{"line":75,"column":44}},"loc":{"start":{"line":75,"column":54},"end":{"line":75,"column":81}}},"5":{"name":"(anonymous_5)","decl":{"start":{"line":8,"column":15},"end":{"line":8,"column":18}},"loc":{"start":{"line":8,"column":15},"end":{"line":21,"column":57}}},"6":{"name":"(anonymous_4)","decl":{"start":{"line":68,"column":16},"end":{"line":68,"column":17}},"loc":{"start":{"line":68,"column":16},"end":{"line":68,"column":17}}},"7":{"name":"(anonymous_5)","decl":{"start":{"line":78,"column":12},"end":{"line":78,"column":null}},"loc":{"start":{"line":78,"column":12},"end":{"line":63,"column":9}}}},"branchMap":{"0":{"loc":{"start":{"line":28,"column":25},"end":{"line":28,"column":null}},"type":"binary-expr","locations":[{"start":{"line":28,"column":25},"end":{"line":28,"column":49}},{"start":{"line":28,"column":49},"end":{"line":28,"column":null}}]},"1":{"loc":{"start":{"line":29,"column":27},"end":{"line":29,"column":null}},"type":"binary-expr","locations":[{"start":{"line":29,"column":27},"end":{"line":29,"column":54}},{"start":{"line":29,"column":54},"end":{"line":29,"column":null}}]},"2":{"loc":{"start":{"line":30,"column":24},"end":{"line":30,"column":null}},"type":"binary-expr","locations":[{"start":{"line":30,"column":24},"end":{"line":30,"column":52}},{"start":{"line":30,"column":52},"end":{"line":30,"column":null}}]},"3":{"loc":{"start":{"line":33,"column":8},"end":{"line":59,"column":null}},"type":"if","locations":[{"start":{"line":33,"column":8},"end":{"line":59,"column":null}},{"start":{"line":36,"column":8},"end":{"line":59,"column":null}}]},"4":{"loc":{"start":{"line":33,"column":12},"end":{"line":33,"column":61}},"type":"binary-expr","locations":[{"start":{"line":33,"column":12},"end":{"line":33,"column":39}},{"start":{"line":33,"column":39},"end":{"line":33,"column":61}}]},"5":{"loc":{"start":{"line":36,"column":8},"end":{"line":59,"column":null}},"type":"if","locations":[{"start":{"line":36,"column":8},"end":{"line":59,"column":null}},{"start":{"line":54,"column":8},"end":{"line":59,"column":null}}]},"6":{"loc":{"start":{"line":37,"column":32},"end":{"line":37,"column":null}},"type":"binary-expr","locations":[{"start":{"line":37,"column":32},"end":{"line":37,"column":55}},{"start":{"line":37,"column":55},"end":{"line":37,"column":null}}]},"7":{"loc":{"start":{"line":38,"column":34},"end":{"line":38,"column":null}},"type":"binary-expr","locations":[{"start":{"line":38,"column":34},"end":{"line":38,"column":59}},{"start":{"line":38,"column":59},"end":{"line":38,"column":null}}]},"8":{"loc":{"start":{"line":42,"column":56},"end":{"line":42,"column":81}},"type":"binary-expr","locations":[{"start":{"line":42,"column":56},"end":{"line":42,"column":77}},{"start":{"line":42,"column":77},"end":{"line":42,"column":81}}]},"9":{"loc":{"start":{"line":43,"column":58},"end":{"line":43,"column":85}},"type":"binary-expr","locations":[{"start":{"line":43,"column":58},"end":{"line":43,"column":81}},{"start":{"line":43,"column":81},"end":{"line":43,"column":85}}]},"10":{"loc":{"start":{"line":50,"column":27},"end":{"line":50,"column":null}},"type":"binary-expr","locations":[{"start":{"line":50,"column":27},"end":{"line":50,"column":49}},{"start":{"line":50,"column":49},"end":{"line":50,"column":null}}]},"11":{"loc":{"start":{"line":54,"column":8},"end":{"line":59,"column":null}},"type":"if","locations":[{"start":{"line":54,"column":8},"end":{"line":59,"column":null}},{"start":{"line":57,"column":15},"end":{"line":59,"column":null}}]},"12":{"loc":{"start":{"line":70,"column":21},"end":{"line":75,"column":null}},"type":"cond-expr","locations":[{"start":{"line":71,"column":24},"end":{"line":73,"column":null}},{"start":{"line":75,"column":24},"end":{"line":75,"column":null}}]},"13":{"loc":{"start":{"line":33,"column":8},"end":{"line":56,"column":19}},"type":"if","locations":[{"start":{"line":33,"column":8},"end":{"line":56,"column":19}},{"start":{"line":36,"column":8},"end":{"line":56,"column":19}}]},"14":{"loc":{"start":{"line":36,"column":8},"end":{"line":56,"column":19}},"type":"if","locations":[{"start":{"line":36,"column":8},"end":{"line":56,"column":19}},{"start":{"line":54,"column":8},"end":{"line":56,"column":19}}]},"15":{"loc":{"start":{"line":66,"column":12},"end":{"line":68,"column":17}},"type":"cond-expr","locations":[{"start":{"line":66,"column":12},"end":{"line":68,"column":17}},{"start":{"line":68,"column":16},"end":{"line":68,"column":17}}]},"16":{"loc":{"start":{"line":81,"column":2},"end":{"line":21,"column":57}},"type":"if","locations":[{"start":{"line":81,"column":2},"end":{"line":21,"column":57}}]},"17":{"loc":{"start":{"line":8,"column":6},"end":{"line":8,"column":18}},"type":"binary-expr","locations":[{"start":{"line":8,"column":6},"end":{"line":8,"column":18}},{"start":{"line":8,"column":15},"end":{"line":8,"column":18}}]},"18":{"loc":{"start":{"line":83,"column":0},"end":{"line":83,"column":25}},"type":"binary-expr","locations":[{"start":{"line":83,"column":0},"end":{"line":83,"column":25}},{"start":{"line":83,"column":15},"end":{"line":83,"column":25}}]}},"s":{"0":41,"1":856,"2":856,"3":856,"4":856,"5":856,"6":856,"7":856,"8":856,"9":856,"10":856,"11":386,"12":184,"13":288,"14":288,"15":88,"16":90,"17":90,"18":90,"19":90,"20":64182,"21":90,"22":64182,"23":90,"24":58,"25":60,"26":58,"27":528,"28":328,"29":654,"30":157,"31":198,"32":41,"33":157,"34":99,"35":856,"36":378,"37":90,"38":0,"39":569,"40":580,"41":386,"42":386,"43":386,"44":58,"45":58},"f":{"0":1184,"1":1032,"2":64182,"3":64182,"4":654,"5":41,"6":580,"7":386},"b":{"0":[856,488],"1":[856,488],"2":[856,500],"3":[96,30],"4":[378,126],"5":[30,0],"6":[90,12],"7":[90,0],"8":[64182,53730],"9":[64182,10452],"10":[90,0],"11":[0,0],"12":[124,204],"13":[288,90],"14":[90,0],"15":[196,332],"16":[58],"17":[58,58],"18":[58,58]}}
,"D:/EPSI/B3/Semestre 2/MSPR/ANALYZE-IT/frontend/src/services/usePrediction.jsx": {"path":"D:/EPSI/B3/Semestre 2/MSPR/ANALYZE-IT/frontend/src/services/usePrediction.jsx","statementMap":{"0":{"start":{"line":4,"column":78},"end":{"line":4,"column":null}},"1":{"start":{"line":5,"column":38},"end":{"line":5,"column":null}},"2":{"start":{"line":6,"column":32},"end":{"line":6,"column":null}},"3":{"start":{"line":7,"column":28},"end":{"line":7,"column":null}},"4":{"start":{"line":9,"column":2},"end":{"line":43,"column":null}},"5":{"start":{"line":10,"column":4},"end":{"line":10,"column":null}},"6":{"start":{"line":10,"column":54},"end":{"line":10,"column":null}},"7":{"start":{"line":12,"column":4},"end":{"line":12,"column":null}},"8":{"start":{"line":13,"column":4},"end":{"line":13,"column":null}},"9":{"start":{"line":15,"column":4},"end":{"line":42,"column":null}},"10":{"start":{"line":28,"column":21},"end":{"line":28,"column":31}},"11":{"start":{"line":35,"column":8},"end":{"line":35,"column":null}},"12":{"start":{"line":36,"column":8},"end":{"line":38,"column":null}},"13":{"start":{"line":37,"column":10},"end":{"line":37,"column":null}},"14":{"start":{"line":39,"column":8},"end":{"line":39,"column":null}},"15":{"start":{"line":41,"column":22},"end":{"line":41,"column":35}},"16":{"start":{"line":42,"column":21},"end":{"line":42,"column":38}},"17":{"start":{"line":45,"column":2},"end":{"line":45,"column":null}},"18":{"start":{"line":46,"column":1},"end":{"line":4,"column":38}}},"fnMap":{"0":{"name":"usePrediction","decl":{"start":{"line":4,"column":24},"end":{"line":4,"column":37}},"loc":{"start":{"line":4,"column":78},"end":{"line":46,"column":1}}},"1":{"name":"(anonymous_1)","decl":{"start":{"line":9,"column":12},"end":{"line":9,"column":18}},"loc":{"start":{"line":9,"column":18},"end":{"line":43,"column":5}}},"2":{"name":"(anonymous_2)","decl":{"start":{"line":28,"column":12},"end":{"line":28,"column":13}},"loc":{"start":{"line":28,"column":21},"end":{"line":28,"column":31}}},"3":{"name":"(anonymous_3)","decl":{"start":{"line":34,"column":12},"end":{"line":34,"column":13}},"loc":{"start":{"line":34,"column":22},"end":{"line":40,"column":7}}},"4":{"name":"(anonymous_4)","decl":{"start":{"line":41,"column":13},"end":{"line":41,"column":14}},"loc":{"start":{"line":41,"column":22},"end":{"line":41,"column":35}}},"5":{"name":"(anonymous_5)","decl":{"start":{"line":42,"column":15},"end":{"line":42,"column":21}},"loc":{"start":{"line":42,"column":21},"end":{"line":42,"column":38}}}},"branchMap":{"0":{"loc":{"start":{"line":10,"column":4},"end":{"line":10,"column":null}},"type":"if","locations":[{"start":{"line":10,"column":4},"end":{"line":10,"column":null}}]},"1":{"loc":{"start":{"line":10,"column":8},"end":{"line":10,"column":54}},"type":"binary-expr","locations":[{"start":{"line":10,"column":8},"end":{"line":10,"column":20}},{"start":{"line":10,"column":20},"end":{"line":10,"column":30}},{"start":{"line":10,"column":30},"end":{"line":10,"column":44}},{"start":{"line":10,"column":44},"end":{"line":10,"column":54}}]},"2":{"loc":{"start":{"line":36,"column":8},"end":{"line":38,"column":null}},"type":"if","locations":[{"start":{"line":36,"column":8},"end":{"line":38,"column":null}}]}},"s":{"0":856,"1":856,"2":856,"3":856,"4":856,"5":225,"6":6,"7":219,"8":219,"9":219,"10":183,"11":165,"12":165,"13":6,"14":159,"15":6,"16":165,"17":856,"18":99},"f":{"0":856,"1":225,"2":183,"3":165,"4":6,"5":165},"b":{"0":[6],"1":[225,225,225,222],"2":[6]}}
}
