TN:
SF:cypress.config.js
FNF:0
FNH:0
LF:0
LH:0
BRF:0
BRH:0
end_of_record
TN:
SF:..\frontend\src\App.jsx
FN:4,App
FNF:1
FNH:1
FNDA:198,App
DA:6,198
DA:11,99
DA:13,99
LF:3
LH:3
BRF:0
BRH:0
end_of_record
TN:
SF:..\frontend\src\components\GraphCard.jsx
FN:17,(anonymous_0)
FN:49,GraphCard
FN:52,(anonymous_2)
FNF:3
FNH:3
FNDA:261,(anonymous_0)
FNDA:90,GraphCard
FNDA:180,(anonymous_2)
DA:13,99
DA:15,99
DA:18,261
DA:19,0
DA:20,0
DA:21,0
DA:22,0
DA:25,0
DA:26,0
DA:27,0
DA:28,0
DA:29,0
DA:30,0
DA:31,0
DA:32,0
DA:33,0
DA:36,0
DA:37,0
DA:38,0
DA:39,0
DA:40,0
DA:41,0
DA:42,0
DA:43,0
DA:44,0
DA:49,99
DA:50,90
DA:52,180
DA:65,90
DA:81,90
DA:87,99
LF:31
LH:9
BRDA:18,0,0,0
BRDA:18,1,0,261
BRDA:18,1,1,261
BRDA:61,2,0,90
BRDA:61,2,1,90
BRF:5
BRH:4
end_of_record
TN:
SF:..\frontend\src\components\Input.jsx
FN:1,Input
FN:225,(anonymous_1)
FN:226,(anonymous_2)
FN:228,(anonymous_3)
FN:233,(anonymous_4)
FN:235,(anonymous_5)
FN:252,(anonymous_6)
FN:268,(anonymous_7)
FN:303,(anonymous_8)
FN:316,(anonymous_9)
FN:321,(anonymous_10)
FNF:11
FNH:10
FNDA:856,Input
FNDA:75,(anonymous_1)
FNDA:150,(anonymous_2)
FNDA:0,(anonymous_3)
FNDA:27,(anonymous_4)
FNDA:54,(anonymous_5)
FNDA:181472,(anonymous_6)
FNDA:1712,(anonymous_7)
FNDA:9,(anonymous_8)
FNDA:10272,(anonymous_9)
FNDA:75,(anonymous_10)
DA:1,99
DA:2,856
DA:9,856
DA:12,856
DA:225,856
DA:226,75
DA:227,150
DA:228,0
DA:233,856
DA:234,27
DA:235,54
DA:241,856
DA:253,181472
DA:269,1712
DA:304,9
DA:305,6
DA:307,3
DA:317,10272
DA:321,75
DA:330,99
LF:20
LH:19
BRDA:227,0,0,0
BRDA:227,0,1,150
BRDA:304,1,0,6
BRDA:304,1,1,3
BRF:4
BRH:3
end_of_record
TN:
SF:..\frontend\src\components\NumberCard.jsx
FN:1,NumberCard
FNF:1
FNH:1
FNDA:288,NumberCard
DA:1,99
DA:2,288
DA:3,270
DA:9,99
LF:4
LH:4
BRDA:2,0,0,18
BRDA:2,1,0,288
BRDA:2,1,1,270
BRF:3
BRH:3
end_of_record
TN:
SF:..\frontend\src\components\TextCard.jsx
FN:1,TextCard
FNF:1
FNH:0
FNDA:0,TextCard
DA:1,99
DA:2,0
DA:3,0
DA:9,99
LF:4
LH:2
BRDA:2,0,0,0
BRF:1
BRH:0
end_of_record
TN:
SF:..\frontend\src\pages\Home.jsx
FN:8,(anonymous_0)
FN:32,(anonymous_1)
FN:42,(anonymous_2)
FN:43,(anonymous_3)
FN:75,(anonymous_4)
FN:8,(anonymous_5)
FN:68,(anonymous_4)
FN:78,(anonymous_5)
FNF:8
FNH:8
FNDA:1184,(anonymous_0)
FNDA:1032,(anonymous_1)
FNDA:64182,(anonymous_2)
FNDA:64182,(anonymous_3)
FNDA:654,(anonymous_4)
FNDA:41,(anonymous_5)
FNDA:580,(anonymous_4)
FNDA:386,(anonymous_5)
DA:8,856
DA:9,856
DA:10,856
DA:17,856
DA:18,856
DA:19,856
DA:21,856
DA:28,856
DA:29,856
DA:30,856
DA:32,856
DA:33,378
DA:34,288
DA:35,288
DA:36,90
DA:37,90
DA:38,90
DA:40,90
DA:42,64182
DA:43,64182
DA:45,90
DA:54,58
DA:55,60
DA:56,569
DA:58,528
DA:62,328
DA:63,386
DA:67,386
DA:68,580
DA:75,654
DA:78,386
DA:81,157
DA:83,157
LF:33
LH:33
BRDA:28,0,0,856
BRDA:28,0,1,488
BRDA:29,1,0,856
BRDA:29,1,1,488
BRDA:30,2,0,856
BRDA:30,2,1,500
BRDA:33,3,0,96
BRDA:33,3,1,30
BRDA:33,4,0,378
BRDA:33,4,1,126
BRDA:36,5,0,30
BRDA:36,5,1,0
BRDA:37,6,0,90
BRDA:37,6,1,12
BRDA:38,7,0,90
BRDA:38,7,1,0
BRDA:42,8,0,64182
BRDA:42,8,1,53730
BRDA:43,9,0,64182
BRDA:43,9,1,10452
BRDA:50,10,0,90
BRDA:50,10,1,0
BRDA:54,11,0,0
BRDA:54,11,1,0
BRDA:70,12,0,124
BRDA:70,12,1,204
BRDA:33,13,0,288
BRDA:33,13,1,90
BRDA:36,14,0,90
BRDA:36,14,1,0
BRDA:66,15,0,196
BRDA:66,15,1,332
BRDA:81,16,0,58
BRDA:8,17,0,58
BRDA:8,17,1,58
BRDA:83,18,0,58
BRDA:83,18,1,58
BRF:37
BRH:31
end_of_record
TN:
SF:..\frontend\src\services\usePrediction.jsx
FN:4,usePrediction
FN:9,(anonymous_1)
FN:28,(anonymous_2)
FN:34,(anonymous_3)
FN:41,(anonymous_4)
FN:42,(anonymous_5)
FNF:6
FNH:6
FNDA:856,usePrediction
FNDA:225,(anonymous_1)
FNDA:183,(anonymous_2)
FNDA:165,(anonymous_3)
FNDA:6,(anonymous_4)
FNDA:165,(anonymous_5)
DA:4,856
DA:5,856
DA:6,856
DA:7,856
DA:9,856
DA:10,225
DA:12,219
DA:13,219
DA:15,219
DA:28,183
DA:35,165
DA:36,165
DA:37,6
DA:39,159
DA:41,6
DA:42,165
DA:45,856
DA:46,99
LF:18
LH:18
BRDA:10,0,0,6
BRDA:10,1,0,225
BRDA:10,1,1,225
BRDA:10,1,2,225
BRDA:10,1,3,222
BRDA:36,2,0,6
BRF:6
BRH:6
end_of_record
